#
# There is insufficient memory for the Java Runtime Environment to continue.
# Native memory allocation (malloc) failed to allocate 320656 bytes for Chunk::new
# Possible reasons:
#   The system is out of physical RAM or swap space
#   The process is running with CompressedOops enabled, and the Java Heap may be blocking the growth of the native heap
# Possible solutions:
#   Reduce memory load on the system
#   Increase physical memory or swap space
#   Check if swap backing store is full
#   Decrease Java heap size (-Xmx/-Xms)
#   Decrease number of Java threads
#   Decrease Java thread stack sizes (-Xss)
#   Set larger code cache with -XX:ReservedCodeCacheSize=
#   JVM is running with Unscaled Compressed Oops mode in which the Java heap is
#     placed in the first 4GB address space. The Java Heap base address is the
#     maximum limit for the native heap growth. Please use -XX:HeapBaseMinAddress
#     to set the Java Heap base and to place the Java Heap above 4GB virtual address.
# This output file may be truncated or incomplete.
#
#  Out of Memory Error (./open/src/hotspot/share/memory/arena.cpp:195), pid=10892, tid=14320
#
# JRE version: Java(TM) SE Runtime Environment (14.0.2+12) (build 14.0.2+12-46)
# Java VM: Java HotSpot(TM) 64-Bit Server VM (14.0.2+12-46, mixed mode, sharing, tiered, compressed oops, g1 gc, windows-amd64)
# No core dump will be written. Minidumps are not enabled by default on client versions of Windows
#

---------------  S U M M A R Y ------------

Command Line: -Dfile.encoding=windows-1252 -Duser.country=FR -Duser.language=fr -Duser.variant group.example.group.GroupApplication

Host: Intel(R) Core(TM) i5-4210H CPU @ 2.90GHz, 4 cores, 7G,  Windows 10 , 64 bit Build 18362 (10.0.18362.2037)
Time: Fri Jan 21 11:38:01 2022 Paris, Madrid elapsed time: 392 seconds (0d 0h 6m 32s)

---------------  T H R E A D  ---------------

Current thread (0x000001dc5d655800):  JavaThread "C2 CompilerThread0" daemon [_thread_in_native, id=14320, stack(0x00000062b3e00000,0x00000062b3f00000)]


Current CompileTask:
C2: 392418 6483   !   4       java.util.concurrent.locks.AbstractQueuedSynchronizer::acquire (407 bytes)

Stack: [0x00000062b3e00000,0x00000062b3f00000]
Native frames: (J=compiled Java code, j=interpreted, Vv=VM code, C=native code)
V  [jvm.dll+0x5f8a9a]
V  [jvm.dll+0x74247a]
V  [jvm.dll+0x743c2f]
V  [jvm.dll+0x744273]
V  [jvm.dll+0x20d288]
V  [jvm.dll+0xabb07]
V  [jvm.dll+0xac1fc]
V  [jvm.dll+0x31c438]
V  [jvm.dll+0x2e6b38]
V  [jvm.dll+0x2e5f3a]
V  [jvm.dll+0x1e5e16]
V  [jvm.dll+0x1e50b8]
V  [jvm.dll+0x1779cc]
V  [jvm.dll+0x1f4105]
V  [jvm.dll+0x1f22eb]
V  [jvm.dll+0x7070cd]
V  [jvm.dll+0x6ffeda]
V  [jvm.dll+0x5f78f6]
C  [ucrtbase.dll+0x210b2]
C  [KERNEL32.DLL+0x17c24]
C  [ntdll.dll+0x6d721]


---------------  P R O C E S S  ---------------

Threads class SMR info:
_java_thread_list=0x000001dc60b6c5a0, length=28, elements={
0x000001dc5d632000, 0x000001dc5d634000, 0x000001dc5d64c000, 0x000001dc5d64f000,
0x000001dc5d650000, 0x000001dc5d655800, 0x000001dc5d657000, 0x000001dc5d661800,
0x000001dc5e0c5000, 0x000001dc5e0c6000, 0x000001dc5e0c2000, 0x000001dc5e0c8800,
0x000001dc5e0c4800, 0x000001dc5e0c2800, 0x000001dc5fc15800, 0x000001dc5fc13000,
0x000001dc5fc11800, 0x000001dc5fc0f800, 0x000001dc5fc13800, 0x000001dc5fc16000,
0x000001dc5fc14800, 0x000001dc5fc10800, 0x000001dc5fc17000, 0x000001dc5fc12000,
0x000001dc5fc1a800, 0x000001dc5fc1c000, 0x000001dc5fc1d800, 0x000001dc5fc18000
}

Java Threads: ( => current thread )
  0x000001dc5d632000 JavaThread "Reference Handler" daemon [_thread_blocked, id=11444, stack(0x00000062b3900000,0x00000062b3a00000)]
  0x000001dc5d634000 JavaThread "Finalizer" daemon [_thread_blocked, id=13080, stack(0x00000062b3a00000,0x00000062b3b00000)]
  0x000001dc5d64c000 JavaThread "Signal Dispatcher" daemon [_thread_blocked, id=15992, stack(0x00000062b3b00000,0x00000062b3c00000)]
  0x000001dc5d64f000 JavaThread "Attach Listener" daemon [_thread_blocked, id=10588, stack(0x00000062b3c00000,0x00000062b3d00000)]
  0x000001dc5d650000 JavaThread "Service Thread" daemon [_thread_blocked, id=16456, stack(0x00000062b3d00000,0x00000062b3e00000)]
=>0x000001dc5d655800 JavaThread "C2 CompilerThread0" daemon [_thread_in_native, id=14320, stack(0x00000062b3e00000,0x00000062b3f00000)]
  0x000001dc5d657000 JavaThread "C1 CompilerThread0" daemon [_thread_blocked, id=15324, stack(0x00000062b3f00000,0x00000062b4000000)]
  0x000001dc5d661800 JavaThread "Sweeper thread" daemon [_thread_blocked, id=13940, stack(0x00000062b4000000,0x00000062b4100000)]
  0x000001dc5e0c5000 JavaThread "Notification Thread" daemon [_thread_blocked, id=15304, stack(0x00000062b4100000,0x00000062b4200000)]
  0x000001dc5e0c6000 JavaThread "Common-Cleaner" daemon [_thread_blocked, id=15296, stack(0x00000062b4300000,0x00000062b4400000)]
  0x000001dc5e0c2000 JavaThread "Catalina-utility-1" [_thread_blocked, id=8604, stack(0x00000062b4900000,0x00000062b4a00000)]
  0x000001dc5e0c8800 JavaThread "Catalina-utility-2" [_thread_blocked, id=14724, stack(0x00000062b4a00000,0x00000062b4b00000)]
  0x000001dc5e0c4800 JavaThread "container-0" [_thread_blocked, id=10252, stack(0x00000062b4c00000,0x00000062b4d00000)]
  0x000001dc5e0c2800 JavaThread "File Watcher" daemon [_thread_blocked, id=7496, stack(0x00000062b4d00000,0x00000062b4e00000)]
  0x000001dc5fc15800 JavaThread "Live Reload Server" daemon [_thread_in_native, id=10140, stack(0x00000062b4f00000,0x00000062b5000000)]
  0x000001dc5fc13000 JavaThread "http-nio-8080-Poller" daemon [_thread_in_native, id=7796, stack(0x00000062b4e00000,0x00000062b4f00000)]
  0x000001dc5fc11800 JavaThread "http-nio-8080-Acceptor" daemon [_thread_in_native, id=16984, stack(0x00000062b5000000,0x00000062b5100000)]
  0x000001dc5fc0f800 JavaThread "http-nio-8080-exec-1" daemon [_thread_blocked, id=14340, stack(0x00000062b4700000,0x00000062b4800000)]
  0x000001dc5fc13800 JavaThread "DestroyJavaVM" [_thread_blocked, id=7276, stack(0x00000062b3200000,0x00000062b3300000)]
  0x000001dc5fc16000 JavaThread "http-nio-8080-exec-2" daemon [_thread_blocked, id=9516, stack(0x00000062b4600000,0x00000062b4700000)]
  0x000001dc5fc14800 JavaThread "http-nio-8080-exec-3" daemon [_thread_blocked, id=12300, stack(0x00000062b5100000,0x00000062b5200000)]
  0x000001dc5fc10800 JavaThread "http-nio-8080-exec-4" daemon [_thread_blocked, id=10632, stack(0x00000062b5200000,0x00000062b5300000)]
  0x000001dc5fc17000 JavaThread "http-nio-8080-exec-5" daemon [_thread_blocked, id=14652, stack(0x00000062b5300000,0x00000062b5400000)]
  0x000001dc5fc12000 JavaThread "http-nio-8080-exec-6" daemon [_thread_blocked, id=6792, stack(0x00000062b5400000,0x00000062b5500000)]
  0x000001dc5fc1a800 JavaThread "http-nio-8080-exec-7" daemon [_thread_blocked, id=13548, stack(0x00000062b5500000,0x00000062b5600000)]
  0x000001dc5fc1c000 JavaThread "http-nio-8080-exec-8" daemon [_thread_blocked, id=1580, stack(0x00000062b5600000,0x00000062b5700000)]
  0x000001dc5fc1d800 JavaThread "http-nio-8080-exec-9" daemon [_thread_blocked, id=7008, stack(0x00000062b5700000,0x00000062b5800000)]
  0x000001dc5fc18000 JavaThread "http-nio-8080-exec-10" daemon [_thread_blocked, id=10424, stack(0x00000062b5800000,0x00000062b5900000)]

Other Threads:
  0x000001dc5d62c000 VMThread "VM Thread" [stack: 0x00000062b3800000,0x00000062b3900000] [id=8064]
  0x000001dc5e0e6800 WatcherThread [stack: 0x00000062b4200000,0x00000062b4300000] [id=8260]
  0x000001dc3cf6d000 GCTaskThread "GC Thread#0" [stack: 0x00000062b3300000,0x00000062b3400000] [id=1932]
  0x000001dc5e7a4000 GCTaskThread "GC Thread#1" [stack: 0x00000062b4400000,0x00000062b4500000] [id=9328]
  0x000001dc5e759000 GCTaskThread "GC Thread#2" [stack: 0x00000062b4500000,0x00000062b4600000] [id=13152]
  0x000001dc5f84a800 GCTaskThread "GC Thread#3" [stack: 0x00000062b4b00000,0x00000062b4c00000] [id=8028]
  0x000001dc3cf80800 ConcurrentGCThread "G1 Main Marker" [stack: 0x00000062b3400000,0x00000062b3500000] [id=3040]
  0x000001dc3cf82000 ConcurrentGCThread "G1 Conc#0" [stack: 0x00000062b3500000,0x00000062b3600000] [id=8164]
  0x000001dc5d4a0800 ConcurrentGCThread "G1 Refine#0" [stack: 0x00000062b3600000,0x00000062b3700000] [id=7412]
  0x000001dc5d4a2000 ConcurrentGCThread "G1 Young RemSet Sampling" [stack: 0x00000062b3700000,0x00000062b3800000] [id=6740]

Threads with active compile tasks:
C2 CompilerThread0   393086 6483   !   4       java.util.concurrent.locks.AbstractQueuedSynchronizer::acquire (407 bytes)

VM state:not at safepoint (normal execution)

VM Mutex/Monitor currently owned by a thread: None

Heap address: 0x0000000081400000, size: 2028 MB, Compressed Oops mode: 32-bit
Narrow klass base: 0x0000000800000000, Narrow klass shift: 3
Compressed class space size: 1073741824 Address: 0x0000000800b30000

Heap:
 garbage-first heap   total 45056K, used 22008K [0x0000000081400000, 0x0000000100000000)
  region size 1024K, 7 young (7168K), 1 survivors (1024K)
 Metaspace       used 33060K, capacity 34219K, committed 34304K, reserved 1079296K
  class space    used 3894K, capacity 4324K, committed 4352K, reserved 1048576K
Heap Regions: E=young(eden), S=young(survivor), O=old, HS=humongous(starts), HC=humongous(continues), CS=collection set, F=free, OA=open archive, CA=closed archive, TAMS=top-at-mark-start (previous, next)
|   0|0x0000000081400000, 0x0000000081500000, 0x0000000081500000|100%|HS|  |TAMS 0x0000000081500000, 0x0000000081400000| Complete 
|   1|0x0000000081500000, 0x0000000081600000, 0x0000000081600000|100%| O|  |TAMS 0x0000000081600000, 0x0000000081500000| Untracked 
|   2|0x0000000081600000, 0x0000000081700000, 0x0000000081700000|100%| O|  |TAMS 0x0000000081700000, 0x0000000081600000| Untracked 
|   3|0x0000000081700000, 0x0000000081800000, 0x0000000081800000|100%| O|  |TAMS 0x0000000081800000, 0x0000000081700000| Untracked 
|   4|0x0000000081800000, 0x0000000081900000, 0x0000000081900000|100%| O|  |TAMS 0x0000000081900000, 0x0000000081800000| Untracked 
|   5|0x0000000081900000, 0x0000000081984200, 0x0000000081a00000| 51%| O|  |TAMS 0x0000000081984200, 0x0000000081900000| Untracked 
|   6|0x0000000081a00000, 0x0000000081b00000, 0x0000000081b00000|100%| O|  |TAMS 0x0000000081a00000, 0x0000000081a00000| Untracked 
|   7|0x0000000081b00000, 0x0000000081c00000, 0x0000000081c00000|100%| O|  |TAMS 0x0000000081b00000, 0x0000000081b00000| Untracked 
|   8|0x0000000081c00000, 0x0000000081d00000, 0x0000000081d00000|100%| O|  |TAMS 0x0000000081c00000, 0x0000000081c00000| Untracked 
|   9|0x0000000081d00000, 0x0000000081e00000, 0x0000000081e00000|100%| O|  |TAMS 0x0000000081d00000, 0x0000000081d00000| Untracked 
|  10|0x0000000081e00000, 0x0000000081f00000, 0x0000000081f00000|100%| O|  |TAMS 0x0000000081e00000, 0x0000000081e00000| Untracked 
|  11|0x0000000081f00000, 0x0000000082000000, 0x0000000082000000|100%| O|  |TAMS 0x0000000081f00000, 0x0000000081f00000| Untracked 
|  12|0x0000000082000000, 0x0000000082100000, 0x0000000082100000|100%| O|  |TAMS 0x0000000082000000, 0x0000000082000000| Untracked 
|  13|0x0000000082100000, 0x0000000082200000, 0x0000000082200000|100%| O|  |TAMS 0x0000000082100000, 0x0000000082100000| Untracked 
|  14|0x0000000082200000, 0x0000000082300000, 0x0000000082300000|100%| O|  |TAMS 0x0000000082200000, 0x0000000082200000| Untracked 
|  15|0x0000000082300000, 0x0000000082400000, 0x0000000082400000|100%| O|  |TAMS 0x0000000082300000, 0x0000000082300000| Untracked 
|  16|0x0000000082400000, 0x00000000824f5600, 0x0000000082500000| 95%| O|  |TAMS 0x0000000082400000, 0x0000000082400000| Untracked 
|  17|0x0000000082500000, 0x0000000082500000, 0x0000000082600000|  0%| F|  |TAMS 0x0000000082500000, 0x0000000082500000| Untracked 
|  18|0x0000000082600000, 0x0000000082600000, 0x0000000082700000|  0%| F|  |TAMS 0x0000000082600000, 0x0000000082600000| Untracked 
|  19|0x0000000082700000, 0x0000000082700000, 0x0000000082800000|  0%| F|  |TAMS 0x0000000082700000, 0x0000000082700000| Untracked 
|  20|0x0000000082800000, 0x0000000082800000, 0x0000000082900000|  0%| F|  |TAMS 0x0000000082800000, 0x0000000082800000| Untracked 
|  21|0x0000000082900000, 0x0000000082900000, 0x0000000082a00000|  0%| F|  |TAMS 0x0000000082900000, 0x0000000082900000| Untracked 
|  22|0x0000000082a00000, 0x0000000082a00000, 0x0000000082b00000|  0%| F|  |TAMS 0x0000000082a00000, 0x0000000082a00000| Untracked 
|  23|0x0000000082b00000, 0x0000000082b04890, 0x0000000082c00000|  1%| S|CS|TAMS 0x0000000082b00000, 0x0000000082b00000| Complete 
|  24|0x0000000082c00000, 0x0000000082c00000, 0x0000000082d00000|  0%| F|  |TAMS 0x0000000082c00000, 0x0000000082c00000| Untracked 
|  25|0x0000000082d00000, 0x0000000082d00000, 0x0000000082e00000|  0%| F|  |TAMS 0x0000000082d00000, 0x0000000082d00000| Untracked 
|  26|0x0000000082e00000, 0x0000000082e00000, 0x0000000082f00000|  0%| F|  |TAMS 0x0000000082e00000, 0x0000000082e00000| Untracked 
|  27|0x0000000082f00000, 0x0000000082f00000, 0x0000000083000000|  0%| F|  |TAMS 0x0000000082f00000, 0x0000000082f00000| Untracked 
|  28|0x0000000083000000, 0x0000000083000000, 0x0000000083100000|  0%| F|  |TAMS 0x0000000083000000, 0x0000000083000000| Untracked 
|  29|0x0000000083100000, 0x0000000083100000, 0x0000000083200000|  0%| F|  |TAMS 0x0000000083100000, 0x0000000083100000| Untracked 
|  30|0x0000000083200000, 0x0000000083200000, 0x0000000083300000|  0%| F|  |TAMS 0x0000000083200000, 0x0000000083200000| Untracked 
|  31|0x0000000083300000, 0x0000000083300000, 0x0000000083400000|  0%| F|  |TAMS 0x0000000083300000, 0x0000000083300000| Untracked 
|  32|0x0000000083400000, 0x0000000083400000, 0x0000000083500000|  0%| F|  |TAMS 0x0000000083400000, 0x0000000083400000| Untracked 
|  33|0x0000000083500000, 0x0000000083500000, 0x0000000083600000|  0%| F|  |TAMS 0x0000000083500000, 0x0000000083500000| Untracked 
|  34|0x0000000083600000, 0x0000000083600000, 0x0000000083700000|  0%| F|  |TAMS 0x0000000083600000, 0x0000000083600000| Untracked 
|  35|0x0000000083700000, 0x0000000083700000, 0x0000000083800000|  0%| F|  |TAMS 0x0000000083700000, 0x0000000083700000| Untracked 
|  36|0x0000000083800000, 0x0000000083800000, 0x0000000083900000|  0%| F|  |TAMS 0x0000000083800000, 0x0000000083800000| Untracked 
| 112|0x0000000088400000, 0x0000000088400000, 0x0000000088500000|  0%| F|  |TAMS 0x0000000088400000, 0x0000000088400000| Untracked 
| 113|0x0000000088500000, 0x000000008851e2f0, 0x0000000088600000| 11%| E|  |TAMS 0x0000000088500000, 0x0000000088500000| Complete 
| 114|0x0000000088600000, 0x0000000088700000, 0x0000000088700000|100%| E|CS|TAMS 0x0000000088600000, 0x0000000088600000| Complete 
| 115|0x0000000088700000, 0x0000000088800000, 0x0000000088800000|100%| E|CS|TAMS 0x0000000088700000, 0x0000000088700000| Complete 
| 116|0x0000000088800000, 0x0000000088900000, 0x0000000088900000|100%| E|CS|TAMS 0x0000000088800000, 0x0000000088800000| Complete 
| 117|0x0000000088900000, 0x0000000088a00000, 0x0000000088a00000|100%| E|CS|TAMS 0x0000000088900000, 0x0000000088900000| Complete 
| 127|0x0000000089300000, 0x0000000089400000, 0x0000000089400000|100%| E|CS|TAMS 0x0000000089300000, 0x0000000089300000| Complete 

Card table byte_map: [0x000001dc56890000,0x000001dc56c90000] _byte_map_base: 0x000001dc56486000

Marking Bits (Prev, Next): (CMBitMap*) 0x000001dc3cf6fb88, (CMBitMap*) 0x000001dc3cf6fb48
 Prev Bits: [0x000001dc59040000, 0x000001dc5aff0000)
 Next Bits: [0x000001dc57090000, 0x000001dc59040000)

Polling page: 0x000001dc3cce0000

Metaspace:

Usage:
  Non-class:     29.19 MB capacity,    28.48 MB ( 98%) used,   595.89 KB (  2%) free+waste,   133.69 KB ( <1%) overhead. 
      Class:      4.22 MB capacity,     3.80 MB ( 90%) used,   365.94 KB (  8%) free+waste,    63.31 KB (  1%) overhead. 
       Both:     33.42 MB capacity,    32.29 MB ( 97%) used,   961.83 KB (  3%) free+waste,   197.00 KB ( <1%) overhead. 

Virtual space:
  Non-class space:       30.00 MB reserved,      29.25 MB ( 98%) committed 
      Class space:        1.00 GB reserved,       4.25 MB ( <1%) committed 
             Both:        1.03 GB reserved,      33.50 MB (  3%) committed 

Chunk freelists:
   Non-Class:  57.00 KB
       Class:  0 bytes
        Both:  57.00 KB

MaxMetaspaceSize: 17179869184.00 GB
CompressedClassSpaceSize: 1.00 GB

CodeHeap 'non-profiled nmethods': size=120000Kb used=5507Kb max_used=5791Kb free=114492Kb
 bounds [0x000001dc4e940000, 0x000001dc4eef0000, 0x000001dc55e70000]
CodeHeap 'profiled nmethods': size=120000Kb used=9224Kb max_used=13511Kb free=110775Kb
 bounds [0x000001dc47410000, 0x000001dc48150000, 0x000001dc4e940000]
CodeHeap 'non-nmethods': size=5760Kb used=1243Kb max_used=1321Kb free=4517Kb
 bounds [0x000001dc46e70000, 0x000001dc470e0000, 0x000001dc47410000]
 total_blobs=5608 nmethods=5094 adapters=426
 compilation: enabled
              stopped_count=0, restarted_count=0
 full_count=0

Compilation events (20 events):
Event: 345.754 Thread 0x000001dc5d657000 nmethod 6472 0x000001dc47f38790 code [0x000001dc47f38940, 0x000001dc47f38aa8]
Event: 347.756 Thread 0x000001dc5d657000 6474       3       java.util.GregorianCalendar::getTimeZone (43 bytes)
Event: 347.757 Thread 0x000001dc5d657000 nmethod 6474 0x000001dc47d2b290 code [0x000001dc47d2b460, 0x000001dc47d2bb68]
Event: 347.757 Thread 0x000001dc5d657000 6475       3       java.util.Calendar::getTimeZone (31 bytes)
Event: 347.757 Thread 0x000001dc5d657000 nmethod 6475 0x000001dc47cd0d90 code [0x000001dc47cd0f40, 0x000001dc47cd12c8]
Event: 349.759 Thread 0x000001dc5d657000 6476       3       java.util.concurrent.ConcurrentLinkedQueue::poll (84 bytes)
Event: 349.763 Thread 0x000001dc5d657000 nmethod 6476 0x000001dc47df8090 code [0x000001dc47df86c0, 0x000001dc47dfbcc8]
Event: 353.771 Thread 0x000001dc5d657000 6477       3       org.apache.tomcat.util.http.ConcurrentDateFormat::format (41 bytes)
Event: 353.772 Thread 0x000001dc5d657000 nmethod 6477 0x000001dc47767490 code [0x000001dc477676c0, 0x000001dc47768048]
Event: 363.399 Thread 0x000001dc5d655800 6478       4       java.util.Collections$UnmodifiableCollection::iterator (9 bytes)
Event: 363.400 Thread 0x000001dc5d655800 nmethod 6478 0x000001dc4eee7790 code [0x000001dc4eee7920, 0x000001dc4eee7af8]
Event: 370.824 Thread 0x000001dc5d657000 6479       3       java.util.TimeZone::getDisplayName (129 bytes)
Event: 370.826 Thread 0x000001dc5d657000 nmethod 6479 0x000001dc480c5810 code [0x000001dc480c5b60, 0x000001dc480c7088]
Event: 377.503 Thread 0x000001dc5d655800 6480       4       java.util.concurrent.locks.ReentrantLock$NonfairSync::tryAcquire (27 bytes)
Event: 377.504 Thread 0x000001dc5d655800 nmethod 6480 0x000001dc4eee7c10 code [0x000001dc4eee7d80, 0x000001dc4eee7ed8]
Event: 377.732 Thread 0x000001dc5d657000 6481   !   3       java.util.concurrent.locks.AbstractQueuedSynchronizer::acquire (407 bytes)
Event: 377.734 Thread 0x000001dc5d657000 nmethod 6481 0x000001dc474d5f90 code [0x000001dc474d63c0, 0x000001dc474d8c08]
Event: 384.069 Thread 0x000001dc5d655800 6482 % !   4       org.apache.tomcat.util.threads.ThreadPoolExecutor::runWorker @ 21 (187 bytes)
Event: 384.093 Thread 0x000001dc5d655800 nmethod 6482% 0x000001dc4ee13910 code [0x000001dc4ee13ce0, 0x000001dc4ee14ff0]
Event: 392.339 Thread 0x000001dc5d655800 6483   !   4       java.util.concurrent.locks.AbstractQueuedSynchronizer::acquire (407 bytes)

GC Heap History (20 events):
Event: 368.782 GC heap before
{Heap before GC invocations=140 (full 0):
 garbage-first heap   total 45056K, used 37358K [0x0000000081400000, 0x0000000100000000)
  region size 1024K, 21 young (21504K), 1 survivors (1024K)
 Metaspace       used 33058K, capacity 34219K, committed 34304K, reserved 1079296K
  class space    used 3894K, capacity 4324K, committed 4352K, reserved 1048576K
}
Event: 368.782 GC heap after
{Heap after GC invocations=141 (full 0):
 garbage-first heap   total 45056K, used 16884K [0x0000000081400000, 0x0000000100000000)
  region size 1024K, 1 young (1024K), 1 survivors (1024K)
 Metaspace       used 33058K, capacity 34219K, committed 34304K, reserved 1079296K
  class space    used 3894K, capacity 4324K, committed 4352K, reserved 1048576K
}
Event: 371.551 GC heap before
{Heap before GC invocations=141 (full 0):
 garbage-first heap   total 45056K, used 37364K [0x0000000081400000, 0x0000000100000000)
  region size 1024K, 21 young (21504K), 1 survivors (1024K)
 Metaspace       used 33060K, capacity 34219K, committed 34304K, reserved 1079296K
  class space    used 3894K, capacity 4324K, committed 4352K, reserved 1048576K
}
Event: 371.552 GC heap after
{Heap after GC invocations=142 (full 0):
 garbage-first heap   total 45056K, used 16880K [0x0000000081400000, 0x0000000100000000)
  region size 1024K, 1 young (1024K), 1 survivors (1024K)
 Metaspace       used 33060K, capacity 34219K, committed 34304K, reserved 1079296K
  class space    used 3894K, capacity 4324K, committed 4352K, reserved 1048576K
}
Event: 374.377 GC heap before
{Heap before GC invocations=142 (full 0):
 garbage-first heap   total 45056K, used 37360K [0x0000000081400000, 0x0000000100000000)
  region size 1024K, 21 young (21504K), 1 survivors (1024K)
 Metaspace       used 33060K, capacity 34219K, committed 34304K, reserved 1079296K
  class space    used 3894K, capacity 4324K, committed 4352K, reserved 1048576K
}
Event: 374.377 GC heap after
{Heap after GC invocations=143 (full 0):
 garbage-first heap   total 45056K, used 16882K [0x0000000081400000, 0x0000000100000000)
  region size 1024K, 1 young (1024K), 1 survivors (1024K)
 Metaspace       used 33060K, capacity 34219K, committed 34304K, reserved 1079296K
  class space    used 3894K, capacity 4324K, committed 4352K, reserved 1048576K
}
Event: 376.418 GC heap before
{Heap before GC invocations=143 (full 0):
 garbage-first heap   total 45056K, used 37362K [0x0000000081400000, 0x0000000100000000)
  region size 1024K, 21 young (21504K), 1 survivors (1024K)
 Metaspace       used 33060K, capacity 34219K, committed 34304K, reserved 1079296K
  class space    used 3894K, capacity 4324K, committed 4352K, reserved 1048576K
}
Event: 376.419 GC heap after
{Heap after GC invocations=144 (full 0):
 garbage-first heap   total 45056K, used 16888K [0x0000000081400000, 0x0000000100000000)
  region size 1024K, 1 young (1024K), 1 survivors (1024K)
 Metaspace       used 33060K, capacity 34219K, committed 34304K, reserved 1079296K
  class space    used 3894K, capacity 4324K, committed 4352K, reserved 1048576K
}
Event: 378.807 GC heap before
{Heap before GC invocations=144 (full 0):
 garbage-first heap   total 45056K, used 37368K [0x0000000081400000, 0x0000000100000000)
  region size 1024K, 21 young (21504K), 1 survivors (1024K)
 Metaspace       used 33060K, capacity 34219K, committed 34304K, reserved 1079296K
  class space    used 3894K, capacity 4324K, committed 4352K, reserved 1048576K
}
Event: 378.808 GC heap after
{Heap after GC invocations=145 (full 0):
 garbage-first heap   total 45056K, used 16880K [0x0000000081400000, 0x0000000100000000)
  region size 1024K, 1 young (1024K), 1 survivors (1024K)
 Metaspace       used 33060K, capacity 34219K, committed 34304K, reserved 1079296K
  class space    used 3894K, capacity 4324K, committed 4352K, reserved 1048576K
}
Event: 381.076 GC heap before
{Heap before GC invocations=145 (full 0):
 garbage-first heap   total 45056K, used 37360K [0x0000000081400000, 0x0000000100000000)
  region size 1024K, 21 young (21504K), 1 survivors (1024K)
 Metaspace       used 33060K, capacity 34219K, committed 34304K, reserved 1079296K
  class space    used 3894K, capacity 4324K, committed 4352K, reserved 1048576K
}
Event: 381.077 GC heap after
{Heap after GC invocations=146 (full 0):
 garbage-first heap   total 45056K, used 16884K [0x0000000081400000, 0x0000000100000000)
  region size 1024K, 1 young (1024K), 1 survivors (1024K)
 Metaspace       used 33060K, capacity 34219K, committed 34304K, reserved 1079296K
  class space    used 3894K, capacity 4324K, committed 4352K, reserved 1048576K
}
Event: 383.468 GC heap before
{Heap before GC invocations=146 (full 0):
 garbage-first heap   total 45056K, used 37364K [0x0000000081400000, 0x0000000100000000)
  region size 1024K, 21 young (21504K), 1 survivors (1024K)
 Metaspace       used 33060K, capacity 34219K, committed 34304K, reserved 1079296K
  class space    used 3894K, capacity 4324K, committed 4352K, reserved 1048576K
}
Event: 383.469 GC heap after
{Heap after GC invocations=147 (full 0):
 garbage-first heap   total 45056K, used 16884K [0x0000000081400000, 0x0000000100000000)
  region size 1024K, 1 young (1024K), 1 survivors (1024K)
 Metaspace       used 33060K, capacity 34219K, committed 34304K, reserved 1079296K
  class space    used 3894K, capacity 4324K, committed 4352K, reserved 1048576K
}
Event: 385.855 GC heap before
{Heap before GC invocations=147 (full 0):
 garbage-first heap   total 45056K, used 37364K [0x0000000081400000, 0x0000000100000000)
  region size 1024K, 21 young (21504K), 1 survivors (1024K)
 Metaspace       used 33060K, capacity 34219K, committed 34304K, reserved 1079296K
  class space    used 3894K, capacity 4324K, committed 4352K, reserved 1048576K
}
Event: 385.855 GC heap after
{Heap after GC invocations=148 (full 0):
 garbage-first heap   total 45056K, used 16884K [0x0000000081400000, 0x0000000100000000)
  region size 1024K, 1 young (1024K), 1 survivors (1024K)
 Metaspace       used 33060K, capacity 34219K, committed 34304K, reserved 1079296K
  class space    used 3894K, capacity 4324K, committed 4352K, reserved 1048576K
}
Event: 387.957 GC heap before
{Heap before GC invocations=148 (full 0):
 garbage-first heap   total 45056K, used 37364K [0x0000000081400000, 0x0000000100000000)
  region size 1024K, 21 young (21504K), 1 survivors (1024K)
 Metaspace       used 33060K, capacity 34219K, committed 34304K, reserved 1079296K
  class space    used 3894K, capacity 4324K, committed 4352K, reserved 1048576K
}
Event: 387.957 GC heap after
{Heap after GC invocations=149 (full 0):
 garbage-first heap   total 45056K, used 16882K [0x0000000081400000, 0x0000000100000000)
  region size 1024K, 1 young (1024K), 1 survivors (1024K)
 Metaspace       used 33060K, capacity 34219K, committed 34304K, reserved 1079296K
  class space    used 3894K, capacity 4324K, committed 4352K, reserved 1048576K
}
Event: 390.269 GC heap before
{Heap before GC invocations=149 (full 0):
 garbage-first heap   total 45056K, used 37362K [0x0000000081400000, 0x0000000100000000)
  region size 1024K, 21 young (21504K), 1 survivors (1024K)
 Metaspace       used 33060K, capacity 34219K, committed 34304K, reserved 1079296K
  class space    used 3894K, capacity 4324K, committed 4352K, reserved 1048576K
}
Event: 390.270 GC heap after
{Heap after GC invocations=150 (full 0):
 garbage-first heap   total 45056K, used 16886K [0x0000000081400000, 0x0000000100000000)
  region size 1024K, 1 young (1024K), 1 survivors (1024K)
 Metaspace       used 33060K, capacity 34219K, committed 34304K, reserved 1079296K
  class space    used 3894K, capacity 4324K, committed 4352K, reserved 1048576K
}

Deoptimization events (20 events):
Event: 255.178 Thread 0x000001dc5fc0f800 Uncommon trap: trap_request=0xffffffde fr.pc=0x000001dc4ee2c50c relative=0x00000000000016ec
Event: 255.178 Thread 0x000001dc5fc0f800 Uncommon trap: reason=class_check action=maybe_recompile pc=0x000001dc4ee2c50c method=org.apache.coyote.http11.Http11InputBuffer.endRequest()V @ 24 c2
Event: 255.178 Thread 0x000001dc5fc0f800 DEOPT PACKING pc=0x000001dc4ee2c50c sp=0x00000062b47ff190
Event: 255.178 Thread 0x000001dc5fc0f800 DEOPT UNPACKING pc=0x000001dc46eb912f sp=0x00000062b47ff078 mode 2
Event: 289.983 Thread 0x000001dc5fc10800 DEOPT PACKING pc=0x000001dc47c79bc8 sp=0x00000062b52ff120
Event: 289.983 Thread 0x000001dc5fc10800 DEOPT UNPACKING pc=0x000001dc46eb964e sp=0x00000062b52fe698 mode 0
Event: 295.486 Thread 0x000001dc5fc11800 Uncommon trap: trap_request=0xffffff45 fr.pc=0x000001dc4eaf5d8c relative=0x000000000000006c
Event: 295.486 Thread 0x000001dc5fc11800 Uncommon trap: reason=unstable_if action=reinterpret pc=0x000001dc4eaf5d8c method=java.util.concurrent.ConcurrentHashMap.sumCount()J @ 11 c2
Event: 295.486 Thread 0x000001dc5fc11800 DEOPT PACKING pc=0x000001dc4eaf5d8c sp=0x00000062b50fefa0
Event: 295.486 Thread 0x000001dc5fc11800 DEOPT UNPACKING pc=0x000001dc46eb912f sp=0x00000062b50fef00 mode 2
Event: 312.867 Thread 0x000001dc5fc18000 DEOPT PACKING pc=0x000001dc47c79bc8 sp=0x00000062b58ff400
Event: 312.867 Thread 0x000001dc5fc18000 DEOPT UNPACKING pc=0x000001dc46eb964e sp=0x00000062b58fe978 mode 0
Event: 356.741 Thread 0x000001dc5fc16000 DEOPT PACKING pc=0x000001dc47c79bc8 sp=0x00000062b46fedd0
Event: 356.742 Thread 0x000001dc5fc16000 DEOPT UNPACKING pc=0x000001dc46eb964e sp=0x00000062b46fe348 mode 0
Event: 377.439 Thread 0x000001dc5e0c8800 Uncommon trap: trap_request=0xffffff45 fr.pc=0x000001dc4ed5cdb0 relative=0x0000000000001470
Event: 377.439 Thread 0x000001dc5e0c8800 Uncommon trap: reason=unstable_if action=reinterpret pc=0x000001dc4ed5cdb0 method=java.util.concurrent.locks.AbstractQueuedSynchronizer.acquire(Ljava/util/concurrent/locks/AbstractQueuedSynchronizer$Node;IZZZJ)I @ 298 c2
Event: 377.439 Thread 0x000001dc5e0c8800 DEOPT PACKING pc=0x000001dc4ed5cdb0 sp=0x00000062b4afed80
Event: 377.439 Thread 0x000001dc5e0c8800 DEOPT UNPACKING pc=0x000001dc46eb912f sp=0x00000062b4afed10 mode 2
Event: 384.069 Thread 0x000001dc5fc17000 DEOPT PACKING pc=0x000001dc47c79bc8 sp=0x00000062b53feec0
Event: 384.069 Thread 0x000001dc5fc17000 DEOPT UNPACKING pc=0x000001dc46eb964e sp=0x00000062b53fe438 mode 0

Classes unloaded (0 events):
No events

Classes redefined (0 events):
No events

Internal exceptions (20 events):
Event: 17.595 Thread 0x000001dc5e0c7800 Exception <a 'java/lang/ClassNotFoundException'{0x0000000082c65400}: org/springframework/boot/autoconfigure/web/servlet/WebMvcAutoConfiguration$EnableWebMvcConfigurationCustomizer> (0x0000000082c65400) 
thrown [./open/src/hotspot/share/classfile/systemDictionary.cpp, line 226]
Event: 17.597 Thread 0x000001dc5e0c7800 Exception <a 'java/lang/ClassNotFoundException'{0x0000000082c89bc0}: org/springframework/context/ResourceLoaderAwareCustomizer> (0x0000000082c89bc0) 
thrown [./open/src/hotspot/share/classfile/systemDictionary.cpp, line 226]
Event: 17.598 Thread 0x000001dc5e0c7800 Exception <a 'java/lang/ClassNotFoundException'{0x0000000082c9e3f0}: org/springframework/beans/factory/AwareCustomizer> (0x0000000082c9e3f0) 
thrown [./open/src/hotspot/share/classfile/systemDictionary.cpp, line 226]
Event: 17.598 Thread 0x000001dc5e0c7800 Exception <a 'java/lang/ClassNotFoundException'{0x0000000082cb3f10}: org/springframework/context/ApplicationContextAwareCustomizer> (0x0000000082cb3f10) 
thrown [./open/src/hotspot/share/classfile/systemDictionary.cpp, line 226]
Event: 17.599 Thread 0x000001dc5e0c7800 Exception <a 'java/lang/ClassNotFoundException'{0x0000000082cc9330}: org/springframework/beans/factory/AwareCustomizer> (0x0000000082cc9330) 
thrown [./open/src/hotspot/share/classfile/systemDictionary.cpp, line 226]
Event: 17.599 Thread 0x000001dc5e0c7800 Exception <a 'java/lang/ClassNotFoundException'{0x0000000082cdf0a0}: org/springframework/web/context/ServletContextAwareCustomizer> (0x0000000082cdf0a0) 
thrown [./open/src/hotspot/share/classfile/systemDictionary.cpp, line 226]
Event: 17.600 Thread 0x000001dc5e0c7800 Exception <a 'java/lang/ClassNotFoundException'{0x0000000082cf3d38}: org/springframework/beans/factory/AwareCustomizer> (0x0000000082cf3d38) 
thrown [./open/src/hotspot/share/classfile/systemDictionary.cpp, line 226]
Event: 17.830 Thread 0x000001dc5e0c7800 Exception <a 'java/lang/NoSuchMethodError'{0x0000000088682c80}: 'void java.lang.invoke.DirectMethodHandle$Holder.invokeVirtual(java.lang.Object, java.lang.Object, int)'> (0x0000000088682c80) 
thrown [./open/src/hotspot/share/interpreter/linkResolver.cpp, line 766]
Event: 17.833 Thread 0x000001dc5e0c7800 Exception <a 'java/lang/NoSuchMethodError'{0x000000008869b808}: 'void java.lang.invoke.DirectMethodHandle$Holder.invokeVirtual(java.lang.Object, java.lang.Object, long)'> (0x000000008869b808) 
thrown [./open/src/hotspot/share/interpreter/linkResolver.cpp, line 766]
Event: 18.064 Thread 0x000001dc5e0c7800 Exception <a 'java/lang/IncompatibleClassChangeError'{0x0000000083566750}: Found class java.lang.Object, but interface was expected> (0x0000000083566750) 
thrown [./open/src/hotspot/share/interpreter/linkResolver.cpp, line 832]
Event: 18.103 Thread 0x000001dc5e0c7800 Exception <a 'java/lang/NoSuchMethodError'{0x00000000834cb650}: 'int java.lang.invoke.DirectMethodHandle$Holder.invokeStaticInit(java.lang.Object, java.lang.Object, java.lang.Object, java.lang.Object)'> (0x00000000834cb650) 
thrown [./open/src/hotspot/share/interpreter/linkResolver.cpp, line 766]
Event: 18.283 Thread 0x000001dc5e0c7800 Exception <a 'java/lang/NoSuchMethodError'{0x0000000083085c70}: 'java.lang.Object java.lang.invoke.DirectMethodHandle$Holder.invokeSpecial(java.lang.Object, java.lang.Object, int, java.lang.Object, int, java.lang.Object)'> (0x0000000083085c70) 
thrown [./open/src/hotspot/share/interpreter/linkResolver.cpp, line 766]
Event: 18.284 Thread 0x000001dc5e0c7800 Exception <a 'java/lang/NoSuchMethodError'{0x000000008308caa0}: 'java.lang.Object java.lang.invoke.DirectMethodHandle$Holder.invokeStatic(java.lang.Object, java.lang.Object, int, java.lang.Object, int)'> (0x000000008308caa0) 
thrown [./open/src/hotspot/share/interpreter/linkResolver.cpp, line 766]
Event: 18.284 Thread 0x000001dc5e0c7800 Exception <a 'java/lang/NoSuchMethodError'{0x000000008308fe50}: 'java.lang.Object java.lang.invoke.DirectMethodHandle$Holder.invokeSpecial(java.lang.Object, java.lang.Object, java.lang.Object, int, java.lang.Object, int)'> (0x000000008308fe50) 
thrown [./open/src/hotspot/share/interpreter/linkResolver.cpp, line 766]
Event: 18.287 Thread 0x000001dc5e0c7800 Exception <a 'java/lang/NoSuchMethodError'{0x0000000083099968}: 'void java.lang.invoke.DirectMethodHandle$Holder.invokeVirtual(java.lang.Object, java.lang.Object)'> (0x0000000083099968) 
thrown [./open/src/hotspot/share/interpreter/linkResolver.cpp, line 766]
Event: 69.947 Thread 0x000001dc5fc14800 Implicit null exception at 0x000001dc4edf17c9 to 0x000001dc4edf1d38
Event: 69.951 Thread 0x000001dc5fc1d800 Implicit null exception at 0x000001dc4edf17c9 to 0x000001dc4edf1d38
Event: 69.955 Thread 0x000001dc5fc10800 Implicit null exception at 0x000001dc4edf17c9 to 0x000001dc4edf1d38
Event: 69.959 Thread 0x000001dc5fc17000 Implicit null exception at 0x000001dc4edf17c9 to 0x000001dc4edf1d38
Event: 160.620 Thread 0x000001dc5fc17000 Implicit null exception at 0x000001dc4ecd47f6 to 0x000001dc4ecdb86c

Events (20 events):
Event: 377.514 Thread 0x000001dc5d661800 flushing nmethod 0x000001dc48134b90
Event: 377.514 Thread 0x000001dc5d661800 flushing nmethod 0x000001dc48135e10
Event: 377.514 Thread 0x000001dc5d661800 flushing nmethod 0x000001dc48136a10
Event: 377.514 Thread 0x000001dc5d661800 flushing nmethod 0x000001dc48137010
Event: 377.514 Thread 0x000001dc5d661800 flushing nmethod 0x000001dc48139710
Event: 377.514 Thread 0x000001dc5d661800 flushing nmethod 0x000001dc4813b910
Event: 377.514 Thread 0x000001dc5d661800 flushing nmethod 0x000001dc4813bf90
Event: 377.514 Thread 0x000001dc5d661800 flushing nmethod 0x000001dc4813f710
Event: 378.807 Executing VM operation: G1CollectForAllocation
Event: 378.808 Executing VM operation: G1CollectForAllocation done
Event: 381.076 Executing VM operation: G1CollectForAllocation
Event: 381.077 Executing VM operation: G1CollectForAllocation done
Event: 383.468 Executing VM operation: G1CollectForAllocation
Event: 383.469 Executing VM operation: G1CollectForAllocation done
Event: 385.855 Executing VM operation: G1CollectForAllocation
Event: 385.855 Executing VM operation: G1CollectForAllocation done
Event: 387.957 Executing VM operation: G1CollectForAllocation
Event: 387.957 Executing VM operation: G1CollectForAllocation done
Event: 390.269 Executing VM operation: G1CollectForAllocation
Event: 390.270 Executing VM operation: G1CollectForAllocation done


Dynamic libraries:
0x00007ff6fcf00000 - 0x00007ff6fcf0f000 	C:\Program Files\Java\jdk-14.0.2\bin\java.exe
0x00007ffc30c40000 - 0x00007ffc30e30000 	C:\WINDOWS\SYSTEM32\ntdll.dll
0x00007ffc2ee20000 - 0x00007ffc2eed3000 	C:\WINDOWS\System32\KERNEL32.DLL
0x00007ffc2dbb0000 - 0x00007ffc2de55000 	C:\WINDOWS\System32\KERNELBASE.dll
0x00007ffc2de60000 - 0x00007ffc2df5a000 	C:\WINDOWS\System32\ucrtbase.dll
0x00007ffc12480000 - 0x00007ffc12495000 	C:\Program Files\Java\jdk-14.0.2\bin\VCRUNTIME140.dll
0x00007ffc124d0000 - 0x00007ffc124e8000 	C:\Program Files\Java\jdk-14.0.2\bin\jli.dll
0x00007ffc2f4c0000 - 0x00007ffc2f565000 	C:\WINDOWS\System32\ADVAPI32.dll
0x00007ffc304f0000 - 0x00007ffc3058e000 	C:\WINDOWS\System32\msvcrt.dll
0x00007ffc309a0000 - 0x00007ffc30a38000 	C:\WINDOWS\System32\sechost.dll
0x00007ffc30590000 - 0x00007ffc306ab000 	C:\WINDOWS\System32\RPCRT4.dll
0x00007ffc2f570000 - 0x00007ffc2f704000 	C:\WINDOWS\System32\USER32.dll
0x00007ffc21c20000 - 0x00007ffc21ea4000 	C:\WINDOWS\WinSxS\amd64_microsoft.windows.common-controls_6595b64144ccf1df_6.0.18362.2037_none_9e7c226de460245a\COMCTL32.dll
0x00007ffc2e380000 - 0x00007ffc2e3a1000 	C:\WINDOWS\System32\win32u.dll
0x00007ffc2fdd0000 - 0x00007ffc2fdf6000 	C:\WINDOWS\System32\GDI32.dll
0x00007ffc2f180000 - 0x00007ffc2f4b6000 	C:\WINDOWS\System32\combase.dll
0x00007ffc2e030000 - 0x00007ffc2e1c8000 	C:\WINDOWS\System32\gdi32full.dll
0x00007ffc2eba0000 - 0x00007ffc2ec24000 	C:\WINDOWS\System32\bcryptPrimitives.dll
0x00007ffc2df90000 - 0x00007ffc2e02e000 	C:\WINDOWS\System32\msvcp_win.dll
0x00007ffc27b30000 - 0x00007ffc27b3a000 	C:\WINDOWS\SYSTEM32\VERSION.dll
0x00007ffc2f770000 - 0x00007ffc2f79e000 	C:\WINDOWS\System32\IMM32.DLL
0x00007ffc01840000 - 0x00007ffc018db000 	C:\Program Files\Java\jdk-14.0.2\bin\msvcp140.dll
0x00007ffbdbab0000 - 0x00007ffbdc5ce000 	C:\Program Files\Java\jdk-14.0.2\bin\server\jvm.dll
0x00007ffc2fca0000 - 0x00007ffc2fca8000 	C:\WINDOWS\System32\PSAPI.DLL
0x00007ffc2ada0000 - 0x00007ffc2adc4000 	C:\WINDOWS\SYSTEM32\WINMM.dll
0x00007ffc2b370000 - 0x00007ffc2b379000 	C:\WINDOWS\SYSTEM32\WSOCK32.dll
0x00007ffc2f090000 - 0x00007ffc2f0ff000 	C:\WINDOWS\System32\WS2_32.dll
0x00007ffc2ac80000 - 0x00007ffc2acad000 	C:\WINDOWS\SYSTEM32\WINMMBASE.dll
0x00007ffc2e3b0000 - 0x00007ffc2e3fa000 	C:\WINDOWS\System32\cfgmgr32.dll
0x00007ffc2db20000 - 0x00007ffc2db31000 	C:\WINDOWS\System32\kernel.appcore.dll
0x00007ffc13ca0000 - 0x00007ffc13caa000 	C:\Program Files\Java\jdk-14.0.2\bin\jimage.dll
0x00007ffc1b4c0000 - 0x00007ffc1b6b4000 	C:\WINDOWS\SYSTEM32\DBGHELP.DLL
0x00007ffc1afc0000 - 0x00007ffc1afea000 	C:\WINDOWS\SYSTEM32\dbgcore.DLL
0x00007ffc0e4f0000 - 0x00007ffc0e515000 	C:\Program Files\Java\jdk-14.0.2\bin\java.dll
0x00007ffc118f0000 - 0x00007ffc11906000 	C:\Program Files\Java\jdk-14.0.2\bin\zip.dll
0x00007ffc2fe00000 - 0x00007ffc304e7000 	C:\WINDOWS\System32\SHELL32.dll
0x00007ffc2fcb0000 - 0x00007ffc2fd59000 	C:\WINDOWS\System32\shcore.dll
0x00007ffc2e420000 - 0x00007ffc2eb9c000 	C:\WINDOWS\System32\windows.storage.dll
0x00007ffc2db90000 - 0x00007ffc2dbae000 	C:\WINDOWS\System32\profapi.dll
0x00007ffc2db40000 - 0x00007ffc2db8a000 	C:\WINDOWS\System32\powrprof.dll
0x00007ffc2daf0000 - 0x00007ffc2db00000 	C:\WINDOWS\System32\UMPDC.dll
0x00007ffc30a40000 - 0x00007ffc30a92000 	C:\WINDOWS\System32\shlwapi.dll
0x00007ffc2e400000 - 0x00007ffc2e417000 	C:\WINDOWS\System32\cryptsp.dll
0x00007ffc11550000 - 0x00007ffc11569000 	C:\Program Files\Java\jdk-14.0.2\bin\net.dll
0x00007ffc25270000 - 0x00007ffc25369000 	C:\WINDOWS\SYSTEM32\WINHTTP.dll
0x00007ffc2d2d0000 - 0x00007ffc2d337000 	C:\WINDOWS\system32\mswsock.dll
0x00007ffc0daf0000 - 0x00007ffc0db02000 	C:\Program Files\Java\jdk-14.0.2\bin\nio.dll
0x00007ffc135e0000 - 0x00007ffc135f0000 	C:\Program Files\Java\jdk-14.0.2\bin\verify.dll
0x00007ffc133e0000 - 0x00007ffc133e9000 	C:\Program Files\Java\jdk-14.0.2\bin\management.dll
0x00007ffc131e0000 - 0x00007ffc131eb000 	C:\Program Files\Java\jdk-14.0.2\bin\management_ext.dll
0x00007ffc12440000 - 0x00007ffc12456000 	C:\WINDOWS\system32\napinsp.dll
0x00007ffc0e380000 - 0x00007ffc0e39a000 	C:\WINDOWS\system32\pnrpnsp.dll
0x00007ffc2d030000 - 0x00007ffc2d0fa000 	C:\WINDOWS\SYSTEM32\DNSAPI.dll
0x00007ffc2ee10000 - 0x00007ffc2ee18000 	C:\WINDOWS\System32\NSI.dll
0x00007ffc2cfe0000 - 0x00007ffc2d01a000 	C:\WINDOWS\SYSTEM32\IPHLPAPI.DLL
0x00007ffc25150000 - 0x00007ffc2515e000 	C:\WINDOWS\System32\winrnr.dll
0x00007ffc2b210000 - 0x00007ffc2b22c000 	C:\WINDOWS\system32\NLAapi.dll
0x00007ffc29dc0000 - 0x00007ffc29dd5000 	C:\WINDOWS\system32\wshbth.dll
0x00007ffc28f40000 - 0x00007ffc28f4a000 	C:\Windows\System32\rasadhlp.dll
0x00007ffc26c80000 - 0x00007ffc26cf7000 	C:\WINDOWS\System32\fwpuclnt.dll
0x00007ffc2df60000 - 0x00007ffc2df86000 	C:\WINDOWS\System32\bcrypt.dll
0x00007ffc2ce50000 - 0x00007ffc2ce83000 	C:\WINDOWS\system32\rsaenh.dll
0x00007ffc2da10000 - 0x00007ffc2da35000 	C:\WINDOWS\SYSTEM32\USERENV.dll
0x00007ffc2d4a0000 - 0x00007ffc2d4ac000 	C:\WINDOWS\SYSTEM32\CRYPTBASE.dll
0x00007ffc27870000 - 0x00007ffc27886000 	C:\WINDOWS\SYSTEM32\dhcpcsvc6.DLL
0x00007ffc27850000 - 0x00007ffc2786c000 	C:\WINDOWS\SYSTEM32\dhcpcsvc.DLL

dbghelp: loaded successfully - version: 4.0.5 - missing functions: none
symbol engine: initialized successfully - sym options: 0x614 - pdb path: .;C:\Program Files\Java\jdk-14.0.2\bin;C:\WINDOWS\SYSTEM32;C:\WINDOWS\WinSxS\amd64_microsoft.windows.common-controls_6595b64144ccf1df_6.0.18362.2037_none_9e7c226de460245a;C:\Program Files\Java\jdk-14.0.2\bin\server

VM Arguments:
jvm_args: -Dfile.encoding=windows-1252 -Duser.country=FR -Duser.language=fr -Duser.variant 
java_command: group.example.group.GroupApplication
java_class_path (initial): C:\Users\Simo\Desktop\group\build\classes\java\main;C:\Users\Simo\Desktop\group\build\resources\main;C:\Users\Simo\.gradle\caches\modules-2\files-2.1\org.springframework.boot\spring-boot-devtools\2.6.2\2f766b028fcb09d6b3fec1f17bcc19b96ff4ebce\spring-boot-devtools-2.6.2.jar;C:\Users\Simo\.gradle\caches\modules-2\files-2.1\org.springframework.boot\spring-boot-starter-data-jpa\2.6.2\3eb637ccd03194f1d639b9efed1ff7d73c8592e3\spring-boot-starter-data-jpa-2.6.2.jar;C:\Users\Simo\.gradle\caches\modules-2\files-2.1\org.springframework.boot\spring-boot-starter-web\2.6.2\685b236afc0144a52383cd2c52731dd016f9badd\spring-boot-starter-web-2.6.2.jar;C:\Users\Simo\.gradle\caches\modules-2\files-2.1\mysql\mysql-connector-java\8.0.27\f1da9f10a3de6348725a413304aab6d0aa04f923\mysql-connector-java-8.0.27.jar;C:\Users\Simo\.gradle\caches\modules-2\files-2.1\org.springframework.boot\spring-boot-starter-aop\2.6.2\af16c0de56462ef8a6a9ac63cff30bf5120fc5b3\spring-boot-starter-aop-2.6.2.jar;C:\Users\Simo\.gradle\caches\modules-2\files-2.1\org.springframework.boot\spring-boot-starter-jdbc\2.6.2\ff853babf286bf913d73197d0f0b521343d5e8aa\spring-boot-starter-jdbc-2.6.2.jar;C:\Users\Simo\.gradle\caches\modules-2\files-2.1\org.springframework.boot\spring-boot-starter-json\2.6.2\c0d457ff259c487521706fd2efac75d61595d527\spring-boot-starter-json-2.6.2.jar;C:\Users\Simo\.gradle\caches\modules-2\files-2.1\org.springframework.boot\spring-boot-starter\2.6.2\c36f1f6886cdbedc5347fdea62b97b44b053b0ba\spring-boot-starter-2.6.2.jar;C:\Users\Simo\.gradle\caches\modules-2\files-2.1\org.springframework.boot\spring-boot-autoconfigure\2.6.2\7c91bce101d3f796cccbc1a6744c1ea389fff73f\spring-boot-autoconfigure-2.6.2.jar;C:\Users\Simo\.gradle\caches\modules-2\files-2.1\org.springframework.boot\spring-boot\2.6.2\bbf59f411320da665411692359ff511315d0ff91\spring-boot-2.6.2.jar;C:\Users\Simo\.gradle\caches\modules-2\files-2.1\jakarta.transaction\jakarta.transaction-api\1.3.3\c4179d48720a1e87202115fb
Launcher Type: SUN_STANDARD

[Global flags]
     intx CICompilerCount                          = 3                                         {product} {ergonomic}
     uint ConcGCThreads                            = 1                                         {product} {ergonomic}
     uint G1ConcRefinementThreads                  = 4                                         {product} {ergonomic}
   size_t G1HeapRegionSize                         = 1048576                                   {product} {ergonomic}
    uintx GCDrainStackTargetSize                   = 64                                        {product} {ergonomic}
   size_t InitialHeapSize                          = 134217728                                 {product} {ergonomic}
   size_t MarkStackSize                            = 4194304                                   {product} {ergonomic}
   size_t MaxHeapSize                              = 2126512128                                {product} {ergonomic}
   size_t MaxNewSize                               = 1275068416                                {product} {ergonomic}
   size_t MinHeapDeltaBytes                        = 1048576                                   {product} {ergonomic}
   size_t MinHeapSize                              = 8388608                                   {product} {ergonomic}
    uintx NonNMethodCodeHeapSize                   = 5832780                                {pd product} {ergonomic}
    uintx NonProfiledCodeHeapSize                  = 122912730                              {pd product} {ergonomic}
    uintx ProfiledCodeHeapSize                     = 122912730                              {pd product} {ergonomic}
    uintx ReservedCodeCacheSize                    = 251658240                              {pd product} {ergonomic}
     bool SegmentedCodeCache                       = true                                      {product} {ergonomic}
   size_t SoftMaxHeapSize                          = 2126512128                             {manageable} {ergonomic}
     bool UseCompressedClassPointers               = true                                 {lp64_product} {ergonomic}
     bool UseCompressedOops                        = true                                 {lp64_product} {ergonomic}
     bool UseG1GC                                  = true                                      {product} {ergonomic}
     bool UseLargePagesIndividualAllocation        = false                                  {pd product} {ergonomic}

Logging:
Log output configuration:
 #0: stdout all=warning uptime,level,tags
 #1: stderr all=off uptime,level,tags

Environment Variables:
PATH=C:\Program Files\Common Files\Oracle\Java\javapath;C:\Program Files (x86)\Common Files\Oracle\Java\javapath;"C:\WINDOWS\system32;C:\MinGW\bin\";C:\WINDOWS;C:\WINDOWS\System32\Wbem;C:\WINDOWS\System32\WindowsPowerShell\v1.0\;C:\Program Files\Git\cmd;C:\Program Files\nodejs\;C:\WINDOWS\System32\OpenSSH\;C:\Windows\System32;C:\Users\Simo\AppData\Local\Microsoft\WindowsApps;C:\Users\Simo\AppData\Local\Programs\Microsoft VS Code\bin;C:\Users\Simo\AppData\Roaming\npm;C:\Windows\System32;
USERNAME=Simo
OS=Windows_NT
PROCESSOR_IDENTIFIER=Intel64 Family 6 Model 60 Stepping 3, GenuineIntel



---------------  S Y S T E M  ---------------

OS: Windows 10 , 64 bit Build 18362 (10.0.18362.2037)
OS uptime: 2 days 1:17 hours

CPU:total 4 (initial active 4) (2 cores per cpu, 2 threads per core) family 6 model 60 stepping 3, cmov, cx8, fxsr, mmx, sse, sse2, sse3, ssse3, sse4.1, sse4.2, popcnt, avx, avx2, aes, clmul, erms, lzcnt, ht, tsc, tscinvbit, bmi1, bmi2, fma

Memory: 4k page, system-wide physical 8110M (707M free)
TotalPageFile size 32686M (AvailPageFile size 3M)
current process WorkingSet (physical memory assigned to process): 158M, peak: 207M
current process commit charge ("private bytes"): 192M, peak: 256M

vm_info: Java HotSpot(TM) 64-Bit Server VM (14.0.2+12-46) for windows-amd64 JRE (14.0.2+12-46), built on Jul  9 2020 00:35:52 by "mach5one" with MS VC++ 15.9 (VS2017)

END.
