#
# There is insufficient memory for the Java Runtime Environment to continue.
# Native memory allocation (malloc) failed to allocate 984976 bytes for Chunk::new
# Possible reasons:
#   The system is out of physical RAM or swap space
#   The process is running with CompressedOops enabled, and the Java Heap may be blocking the growth of the native heap
# Possible solutions:
#   Reduce memory load on the system
#   Increase physical memory or swap space
#   Check if swap backing store is full
#   Decrease Java heap size (-Xmx/-Xms)
#   Decrease number of Java threads
#   Decrease Java thread stack sizes (-Xss)
#   Set larger code cache with -XX:ReservedCodeCacheSize=
#   JVM is running with Unscaled Compressed Oops mode in which the Java heap is
#     placed in the first 4GB address space. The Java Heap base address is the
#     maximum limit for the native heap growth. Please use -XX:HeapBaseMinAddress
#     to set the Java Heap base and to place the Java Heap above 4GB virtual address.
# This output file may be truncated or incomplete.
#
#  Out of Memory Error (./open/src/hotspot/share/memory/arena.cpp:195), pid=2812, tid=7016
#
# JRE version: Java(TM) SE Runtime Environment (14.0.2+12) (build 14.0.2+12-46)
# Java VM: Java HotSpot(TM) 64-Bit Server VM (14.0.2+12-46, mixed mode, sharing, tiered, compressed oops, g1 gc, windows-amd64)
# No core dump will be written. Minidumps are not enabled by default on client versions of Windows
#

---------------  S U M M A R Y ------------

Command Line: -Dfile.encoding=windows-1252 -Duser.country=FR -Duser.language=fr -Duser.variant group.example.group.GroupApplication

Host: Intel(R) Core(TM) i5-4210H CPU @ 2.90GHz, 4 cores, 7G,  Windows 10 , 64 bit Build 18362 (10.0.18362.2037)
Time: Fri Jan 21 12:03:19 2022 Paris, Madrid elapsed time: 99 seconds (0d 0h 1m 39s)

---------------  T H R E A D  ---------------

Current thread (0x00000244c6b89000):  JavaThread "C2 CompilerThread0" daemon [_thread_in_native, id=7016, stack(0x0000009e27500000,0x0000009e27600000)]


Current CompileTask:
C2:  99981 5460   !   4       org.springframework.web.servlet.mvc.method.annotation.AbstractMessageConverterMethodProcessor::writeWithMessageConverters (1086 bytes)

Stack: [0x0000009e27500000,0x0000009e27600000]
Native frames: (J=compiled Java code, j=interpreted, Vv=VM code, C=native code)
V  [jvm.dll+0x5f8a9a]
V  [jvm.dll+0x74247a]
V  [jvm.dll+0x743c2f]
V  [jvm.dll+0x744273]
V  [jvm.dll+0x20d288]
V  [jvm.dll+0xabb07]
V  [jvm.dll+0xac1fc]
V  [jvm.dll+0x276db4]
V  [jvm.dll+0x50cffa]
V  [jvm.dll+0x1ee036]
V  [jvm.dll+0x1e752d]
V  [jvm.dll+0x1e4f98]
V  [jvm.dll+0x1779cc]
V  [jvm.dll+0x1f4105]
V  [jvm.dll+0x1f22eb]
V  [jvm.dll+0x7070cd]
V  [jvm.dll+0x6ffeda]
V  [jvm.dll+0x5f78f6]
C  [ucrtbase.dll+0x210b2]
C  [KERNEL32.DLL+0x17c24]
C  [ntdll.dll+0x6d721]


---------------  P R O C E S S  ---------------

Threads class SMR info:
_java_thread_list=0x00000244ca7e0cd0, length=28, elements={
0x00000244c6b62000, 0x00000244c6b64800, 0x00000244c6b7e000, 0x00000244c6b81000,
0x00000244c6b83000, 0x00000244c6b89000, 0x00000244c6b8a800, 0x00000244c6b8f800,
0x00000244c75e5000, 0x00000244c75f3000, 0x00000244caae4800, 0x00000244caae5800,
0x00000244ca9fb000, 0x00000244cb809000, 0x00000244ca58a800, 0x00000244ca298000,
0x00000244ca299000, 0x00000244ca29a000, 0x00000244ca29a800, 0x00000244cb7d3800,
0x00000244cb7d7800, 0x00000244cb7d8800, 0x00000244cb7d9000, 0x00000244cb7da000,
0x00000244cb7d6000, 0x00000244cb7db000, 0x00000244cb7d6800, 0x00000244cb7d4800
}

Java Threads: ( => current thread )
  0x00000244c6b62000 JavaThread "Reference Handler" daemon [_thread_blocked, id=2912, stack(0x0000009e27000000,0x0000009e27100000)]
  0x00000244c6b64800 JavaThread "Finalizer" daemon [_thread_blocked, id=3732, stack(0x0000009e27100000,0x0000009e27200000)]
  0x00000244c6b7e000 JavaThread "Signal Dispatcher" daemon [_thread_blocked, id=3204, stack(0x0000009e27200000,0x0000009e27300000)]
  0x00000244c6b81000 JavaThread "Attach Listener" daemon [_thread_blocked, id=13788, stack(0x0000009e27300000,0x0000009e27400000)]
  0x00000244c6b83000 JavaThread "Service Thread" daemon [_thread_blocked, id=1240, stack(0x0000009e27400000,0x0000009e27500000)]
=>0x00000244c6b89000 JavaThread "C2 CompilerThread0" daemon [_thread_in_native, id=7016, stack(0x0000009e27500000,0x0000009e27600000)]
  0x00000244c6b8a800 JavaThread "C1 CompilerThread0" daemon [_thread_blocked, id=232, stack(0x0000009e27600000,0x0000009e27700000)]
  0x00000244c6b8f800 JavaThread "Sweeper thread" daemon [_thread_blocked, id=10600, stack(0x0000009e27700000,0x0000009e27800000)]
  0x00000244c75e5000 JavaThread "Notification Thread" daemon [_thread_blocked, id=3248, stack(0x0000009e27800000,0x0000009e27900000)]
  0x00000244c75f3000 JavaThread "Common-Cleaner" daemon [_thread_blocked, id=12948, stack(0x0000009e27a00000,0x0000009e27b00000)]
  0x00000244caae4800 JavaThread "Catalina-utility-1" [_thread_blocked, id=10908, stack(0x0000009e28200000,0x0000009e28300000)]
  0x00000244caae5800 JavaThread "Catalina-utility-2" [_thread_blocked, id=15216, stack(0x0000009e28300000,0x0000009e28400000)]
  0x00000244ca9fb000 JavaThread "container-0" [_thread_blocked, id=16188, stack(0x0000009e28400000,0x0000009e28500000)]
  0x00000244cb809000 JavaThread "File Watcher" daemon [_thread_blocked, id=6832, stack(0x0000009e28500000,0x0000009e28600000)]
  0x00000244ca58a800 JavaThread "Live Reload Server" daemon [_thread_in_native, id=4216, stack(0x0000009e28700000,0x0000009e28800000)]
  0x00000244ca298000 JavaThread "http-nio-8080-Poller" daemon [_thread_in_native, id=10684, stack(0x0000009e28600000,0x0000009e28700000)]
  0x00000244ca299000 JavaThread "http-nio-8080-Acceptor" daemon [_thread_in_native, id=12452, stack(0x0000009e28800000,0x0000009e28900000)]
  0x00000244ca29a000 JavaThread "DestroyJavaVM" [_thread_blocked, id=4832, stack(0x0000009e26900000,0x0000009e26a00000)]
  0x00000244ca29a800 JavaThread "http-nio-8080-exec-1" daemon [_thread_blocked, id=16388, stack(0x0000009e26600000,0x0000009e26700000)]
  0x00000244cb7d3800 JavaThread "http-nio-8080-exec-2" daemon [_thread_blocked, id=16332, stack(0x0000009e26700000,0x0000009e26800000)]
  0x00000244cb7d7800 JavaThread "http-nio-8080-exec-3" daemon [_thread_blocked, id=6720, stack(0x0000009e26800000,0x0000009e26900000)]
  0x00000244cb7d8800 JavaThread "http-nio-8080-exec-4" daemon [_thread_blocked, id=15060, stack(0x0000009e28900000,0x0000009e28a00000)]
  0x00000244cb7d9000 JavaThread "http-nio-8080-exec-5" daemon [_thread_blocked, id=14852, stack(0x0000009e28a00000,0x0000009e28b00000)]
  0x00000244cb7da000 JavaThread "http-nio-8080-exec-6" daemon [_thread_blocked, id=8924, stack(0x0000009e28b00000,0x0000009e28c00000)]
  0x00000244cb7d6000 JavaThread "http-nio-8080-exec-7" daemon [_thread_blocked, id=10856, stack(0x0000009e28c00000,0x0000009e28d00000)]
  0x00000244cb7db000 JavaThread "http-nio-8080-exec-8" daemon [_thread_blocked, id=6780, stack(0x0000009e28d00000,0x0000009e28e00000)]
  0x00000244cb7d6800 JavaThread "http-nio-8080-exec-9" daemon [_thread_blocked, id=9312, stack(0x0000009e28e00000,0x0000009e28f00000)]
  0x00000244cb7d4800 JavaThread "http-nio-8080-exec-10" daemon [_thread_blocked, id=2060, stack(0x0000009e28000000,0x0000009e28100000)]

Other Threads:
  0x00000244c6b5b800 VMThread "VM Thread" [stack: 0x0000009e26f00000,0x0000009e27000000] [id=4328]
  0x00000244c75ee800 WatcherThread [stack: 0x0000009e27900000,0x0000009e27a00000] [id=7048]
  0x00000244a83cf000 GCTaskThread "GC Thread#0" [stack: 0x0000009e26a00000,0x0000009e26b00000] [id=7484]
  0x00000244c7f74800 GCTaskThread "GC Thread#1" [stack: 0x0000009e27c00000,0x0000009e27d00000] [id=16572]
  0x00000244c7f62000 GCTaskThread "GC Thread#2" [stack: 0x0000009e27d00000,0x0000009e27e00000] [id=13300]
  0x00000244c87fa000 GCTaskThread "GC Thread#3" [stack: 0x0000009e28100000,0x0000009e28200000] [id=11464]
  0x00000244a83e1800 ConcurrentGCThread "G1 Main Marker" [stack: 0x0000009e26b00000,0x0000009e26c00000] [id=12200]
  0x00000244a83e3000 ConcurrentGCThread "G1 Conc#0" [stack: 0x0000009e26c00000,0x0000009e26d00000] [id=16348]
  0x00000244a844e800 ConcurrentGCThread "G1 Refine#0" [stack: 0x0000009e26d00000,0x0000009e26e00000] [id=12760]
  0x00000244c7787000 ConcurrentGCThread "G1 Refine#1" [stack: 0x0000009e27e00000,0x0000009e27f00000] [id=10964]
  0x00000244c69d3800 ConcurrentGCThread "G1 Young RemSet Sampling" [stack: 0x0000009e26e00000,0x0000009e26f00000] [id=11820]

Threads with active compile tasks:
C2 CompilerThread0   100155 5460   !   4       org.springframework.web.servlet.mvc.method.annotation.AbstractMessageConverterMethodProcessor::writeWithMessageConverters (1086 bytes)

VM state:not at safepoint (normal execution)

VM Mutex/Monitor currently owned by a thread: None

Heap address: 0x0000000081400000, size: 2028 MB, Compressed Oops mode: 32-bit
Narrow klass base: 0x0000000800000000, Narrow klass shift: 3
Compressed class space size: 1073741824 Address: 0x0000000800b30000

Heap:
 garbage-first heap   total 64512K, used 42010K [0x0000000081400000, 0x0000000100000000)
  region size 1024K, 30 young (30720K), 4 survivors (4096K)
 Metaspace       used 33245K, capacity 34476K, committed 34636K, reserved 1079296K
  class space    used 3945K, capacity 4389K, committed 4428K, reserved 1048576K
Heap Regions: E=young(eden), S=young(survivor), O=old, HS=humongous(starts), HC=humongous(continues), CS=collection set, F=free, OA=open archive, CA=closed archive, TAMS=top-at-mark-start (previous, next)
|   0|0x0000000081400000, 0x0000000081500000, 0x0000000081500000|100%|HS|  |TAMS 0x0000000081500000, 0x0000000081400000| Complete 
|   1|0x0000000081500000, 0x0000000081600000, 0x0000000081600000|100%| O|  |TAMS 0x0000000081600000, 0x0000000081500000| Untracked 
|   2|0x0000000081600000, 0x0000000081700000, 0x0000000081700000|100%| O|  |TAMS 0x0000000081700000, 0x0000000081600000| Untracked 
|   3|0x0000000081700000, 0x0000000081800000, 0x0000000081800000|100%| O|  |TAMS 0x0000000081800000, 0x0000000081700000| Untracked 
|   4|0x0000000081800000, 0x0000000081900000, 0x0000000081900000|100%| O|  |TAMS 0x0000000081900000, 0x0000000081800000| Untracked 
|   5|0x0000000081900000, 0x000000008197e800, 0x0000000081a00000| 49%| O|  |TAMS 0x000000008197e800, 0x0000000081900000| Untracked 
|   6|0x0000000081a00000, 0x0000000081b00000, 0x0000000081b00000|100%| O|  |TAMS 0x0000000081a00000, 0x0000000081a00000| Untracked 
|   7|0x0000000081b00000, 0x0000000081c00000, 0x0000000081c00000|100%| O|  |TAMS 0x0000000081b00000, 0x0000000081b00000| Untracked 
|   8|0x0000000081c00000, 0x0000000081d00000, 0x0000000081d00000|100%| O|  |TAMS 0x0000000081c00000, 0x0000000081c00000| Untracked 
|   9|0x0000000081d00000, 0x0000000081e00000, 0x0000000081e00000|100%| O|  |TAMS 0x0000000081d00000, 0x0000000081d00000| Untracked 
|  10|0x0000000081e00000, 0x0000000081f00000, 0x0000000081f00000|100%| O|  |TAMS 0x0000000081e00000, 0x0000000081e00000| Untracked 
|  11|0x0000000081f00000, 0x0000000082000000, 0x0000000082000000|100%| O|  |TAMS 0x0000000081f00000, 0x0000000081f00000| Untracked 
|  12|0x0000000082000000, 0x0000000082100000, 0x0000000082100000|100%| O|  |TAMS 0x0000000082000000, 0x0000000082000000| Untracked 
|  13|0x0000000082100000, 0x0000000082140e00, 0x0000000082200000| 25%| O|  |TAMS 0x0000000082100000, 0x0000000082100000| Untracked 
|  14|0x0000000082200000, 0x0000000082200000, 0x0000000082300000|  0%| F|  |TAMS 0x0000000082200000, 0x0000000082200000| Untracked 
|  15|0x0000000082300000, 0x0000000082300000, 0x0000000082400000|  0%| F|  |TAMS 0x0000000082300000, 0x0000000082300000| Untracked 
|  16|0x0000000082400000, 0x0000000082400000, 0x0000000082500000|  0%| F|  |TAMS 0x0000000082400000, 0x0000000082400000| Untracked 
|  17|0x0000000082500000, 0x0000000082500000, 0x0000000082600000|  0%| F|  |TAMS 0x0000000082500000, 0x0000000082500000| Untracked 
|  18|0x0000000082600000, 0x0000000082600000, 0x0000000082700000|  0%| F|  |TAMS 0x0000000082600000, 0x0000000082600000| Untracked 
|  19|0x0000000082700000, 0x0000000082700000, 0x0000000082800000|  0%| F|  |TAMS 0x0000000082700000, 0x0000000082700000| Untracked 
|  20|0x0000000082800000, 0x0000000082800000, 0x0000000082900000|  0%| F|  |TAMS 0x0000000082800000, 0x0000000082800000| Untracked 
|  21|0x0000000082900000, 0x00000000829472f8, 0x0000000082a00000| 27%| S|CS|TAMS 0x0000000082900000, 0x0000000082900000| Complete 
|  22|0x0000000082a00000, 0x0000000082a00000, 0x0000000082b00000|  0%| F|  |TAMS 0x0000000082a00000, 0x0000000082a00000| Untracked 
|  23|0x0000000082b00000, 0x0000000082c00000, 0x0000000082c00000|100%| S|CS|TAMS 0x0000000082b00000, 0x0000000082b00000| Complete 
|  24|0x0000000082c00000, 0x0000000082d00000, 0x0000000082d00000|100%| S|CS|TAMS 0x0000000082c00000, 0x0000000082c00000| Complete 
|  25|0x0000000082d00000, 0x0000000082e00000, 0x0000000082e00000|100%| S|CS|TAMS 0x0000000082d00000, 0x0000000082d00000| Complete 
|  26|0x0000000082e00000, 0x0000000082e00000, 0x0000000082f00000|  0%| F|  |TAMS 0x0000000082e00000, 0x0000000082e00000| Untracked 
|  27|0x0000000082f00000, 0x0000000082f00000, 0x0000000083000000|  0%| F|  |TAMS 0x0000000082f00000, 0x0000000082f00000| Untracked 
|  28|0x0000000083000000, 0x0000000083000000, 0x0000000083100000|  0%| F|  |TAMS 0x0000000083000000, 0x0000000083000000| Untracked 
|  29|0x0000000083100000, 0x0000000083100000, 0x0000000083200000|  0%| F|  |TAMS 0x0000000083100000, 0x0000000083100000| Untracked 
|  30|0x0000000083200000, 0x0000000083200000, 0x0000000083300000|  0%| F|  |TAMS 0x0000000083200000, 0x0000000083200000| Untracked 
|  31|0x0000000083300000, 0x0000000083300000, 0x0000000083400000|  0%| F|  |TAMS 0x0000000083300000, 0x0000000083300000| Untracked 
|  32|0x0000000083400000, 0x0000000083400000, 0x0000000083500000|  0%| F|  |TAMS 0x0000000083400000, 0x0000000083400000| Untracked 
|  33|0x0000000083500000, 0x0000000083500000, 0x0000000083600000|  0%| F|  |TAMS 0x0000000083500000, 0x0000000083500000| Untracked 
|  34|0x0000000083600000, 0x0000000083600000, 0x0000000083700000|  0%| F|  |TAMS 0x0000000083600000, 0x0000000083600000| Untracked 
|  35|0x0000000083700000, 0x0000000083700000, 0x0000000083800000|  0%| F|  |TAMS 0x0000000083700000, 0x0000000083700000| Untracked 
|  36|0x0000000083800000, 0x0000000083800000, 0x0000000083900000|  0%| F|  |TAMS 0x0000000083800000, 0x0000000083800000| Untracked 
|  37|0x0000000083900000, 0x000000008391dcb0, 0x0000000083a00000| 11%| E|  |TAMS 0x0000000083900000, 0x0000000083900000| Complete 
|  38|0x0000000083a00000, 0x0000000083b00000, 0x0000000083b00000|100%| E|CS|TAMS 0x0000000083a00000, 0x0000000083a00000| Complete 
|  39|0x0000000083b00000, 0x0000000083c00000, 0x0000000083c00000|100%| E|CS|TAMS 0x0000000083b00000, 0x0000000083b00000| Complete 
|  40|0x0000000083c00000, 0x0000000083d00000, 0x0000000083d00000|100%| E|CS|TAMS 0x0000000083c00000, 0x0000000083c00000| Complete 
|  41|0x0000000083d00000, 0x0000000083e00000, 0x0000000083e00000|100%| E|CS|TAMS 0x0000000083d00000, 0x0000000083d00000| Complete 
|  42|0x0000000083e00000, 0x0000000083f00000, 0x0000000083f00000|100%| E|CS|TAMS 0x0000000083e00000, 0x0000000083e00000| Complete 
|  43|0x0000000083f00000, 0x0000000084000000, 0x0000000084000000|100%| E|CS|TAMS 0x0000000083f00000, 0x0000000083f00000| Complete 
|  44|0x0000000084000000, 0x0000000084100000, 0x0000000084100000|100%| E|CS|TAMS 0x0000000084000000, 0x0000000084000000| Complete 
|  45|0x0000000084100000, 0x0000000084200000, 0x0000000084200000|100%| E|CS|TAMS 0x0000000084100000, 0x0000000084100000| Complete 
|  46|0x0000000084200000, 0x0000000084300000, 0x0000000084300000|100%| E|CS|TAMS 0x0000000084200000, 0x0000000084200000| Complete 
|  47|0x0000000084300000, 0x0000000084400000, 0x0000000084400000|100%| E|CS|TAMS 0x0000000084300000, 0x0000000084300000| Complete 
|  48|0x0000000084400000, 0x0000000084500000, 0x0000000084500000|100%| E|CS|TAMS 0x0000000084400000, 0x0000000084400000| Complete 
|  49|0x0000000084500000, 0x0000000084600000, 0x0000000084600000|100%| E|CS|TAMS 0x0000000084500000, 0x0000000084500000| Complete 
|  50|0x0000000084600000, 0x0000000084700000, 0x0000000084700000|100%| E|CS|TAMS 0x0000000084600000, 0x0000000084600000| Complete 
|  51|0x0000000084700000, 0x0000000084800000, 0x0000000084800000|100%| E|CS|TAMS 0x0000000084700000, 0x0000000084700000| Complete 
|  52|0x0000000084800000, 0x0000000084900000, 0x0000000084900000|100%| E|CS|TAMS 0x0000000084800000, 0x0000000084800000| Complete 
|  53|0x0000000084900000, 0x0000000084a00000, 0x0000000084a00000|100%| E|CS|TAMS 0x0000000084900000, 0x0000000084900000| Complete 
|  54|0x0000000084a00000, 0x0000000084b00000, 0x0000000084b00000|100%| E|CS|TAMS 0x0000000084a00000, 0x0000000084a00000| Complete 
|  55|0x0000000084b00000, 0x0000000084c00000, 0x0000000084c00000|100%| E|CS|TAMS 0x0000000084b00000, 0x0000000084b00000| Complete 
| 109|0x0000000088100000, 0x0000000088200000, 0x0000000088200000|100%| E|CS|TAMS 0x0000000088100000, 0x0000000088100000| Complete 
| 110|0x0000000088200000, 0x0000000088300000, 0x0000000088300000|100%| E|CS|TAMS 0x0000000088200000, 0x0000000088200000| Complete 
| 111|0x0000000088300000, 0x0000000088400000, 0x0000000088400000|100%| E|CS|TAMS 0x0000000088300000, 0x0000000088300000| Complete 
| 112|0x0000000088400000, 0x0000000088500000, 0x0000000088500000|100%| E|CS|TAMS 0x0000000088400000, 0x0000000088400000| Complete 
| 113|0x0000000088500000, 0x0000000088600000, 0x0000000088600000|100%| E|CS|TAMS 0x0000000088500000, 0x0000000088500000| Complete 
| 114|0x0000000088600000, 0x0000000088700000, 0x0000000088700000|100%| E|CS|TAMS 0x0000000088600000, 0x0000000088600000| Complete 
| 153|0x000000008ad00000, 0x000000008ae00000, 0x000000008ae00000|100%| E|CS|TAMS 0x000000008ad00000, 0x000000008ad00000| Complete 

Card table byte_map: [0x00000244bff20000,0x00000244c0320000] _byte_map_base: 0x00000244bfb16000

Marking Bits (Prev, Next): (CMBitMap*) 0x00000244a83d0b38, (CMBitMap*) 0x00000244a83d0af8
 Prev Bits: [0x00000244c26d0000, 0x00000244c4680000)
 Next Bits: [0x00000244c0720000, 0x00000244c26d0000)

Polling page: 0x00000244a6360000

Metaspace:

Usage:
  Non-class:     29.38 MB capacity,    28.61 MB ( 97%) used,   652.38 KB (  2%) free+waste,   133.88 KB ( <1%) overhead. 
      Class:      4.29 MB capacity,     3.85 MB ( 90%) used,   380.41 KB (  9%) free+waste,    63.50 KB (  1%) overhead. 
       Both:     33.67 MB capacity,    32.47 MB ( 96%) used,     1.01 MB (  3%) free+waste,   197.38 KB ( <1%) overhead. 

Virtual space:
  Non-class space:       30.00 MB reserved,      29.50 MB ( 98%) committed 
      Class space:        1.00 GB reserved,       4.32 MB ( <1%) committed 
             Both:        1.03 GB reserved,      33.82 MB (  3%) committed 

Chunk freelists:
   Non-Class:  57.00 KB
       Class:  27.00 KB
        Both:  84.00 KB

MaxMetaspaceSize: 17179869184.00 GB
CompressedClassSpaceSize: 1.00 GB

CodeHeap 'non-profiled nmethods': size=120000Kb used=2674Kb max_used=2892Kb free=117325Kb
 bounds [0x00000244b85f0000, 0x00000244b8900000, 0x00000244bfb20000]
CodeHeap 'profiled nmethods': size=120000Kb used=11468Kb max_used=11697Kb free=108531Kb
 bounds [0x00000244b10c0000, 0x00000244b1c80000, 0x00000244b85f0000]
CodeHeap 'non-nmethods': size=5760Kb used=1245Kb max_used=1320Kb free=4514Kb
 bounds [0x00000244b0b20000, 0x00000244b0d90000, 0x00000244b10c0000]
 total_blobs=5296 nmethods=4781 adapters=427
 compilation: enabled
              stopped_count=0, restarted_count=0
 full_count=0

Compilation events (20 events):
Event: 99.972 Thread 0x00000244c6b8a800 nmethod 5510 0x00000244b10e6b90 code [0x00000244b10e6d60, 0x00000244b10e71f8]
Event: 99.972 Thread 0x00000244c6b8a800 5509       3       org.apache.coyote.http11.Http11OutputBuffer::doWrite (56 bytes)
Event: 99.972 Thread 0x00000244c6b8a800 nmethod 5509 0x00000244b1116e10 code [0x00000244b1116fe0, 0x00000244b11173e8]
Event: 99.973 Thread 0x00000244c6b8a800 5512       3       com.fasterxml.jackson.core.json.JsonGeneratorImpl::<init> (61 bytes)
Event: 99.973 Thread 0x00000244c6b8a800 nmethod 5512 0x00000244b11d5010 code [0x00000244b11d51e0, 0x00000244b11d56c8]
Event: 99.973 Thread 0x00000244c6b8a800 5511       3       com.fasterxml.jackson.core.json.UTF8JsonGenerator::<init> (103 bytes)
Event: 99.974 Thread 0x00000244c6b8a800 nmethod 5511 0x00000244b1251990 code [0x00000244b1251c20, 0x00000244b1252918]
Event: 99.974 Thread 0x00000244c6b8a800 5513       3       java.nio.HeapByteBuffer::slice (49 bytes)
Event: 99.975 Thread 0x00000244c6b8a800 nmethod 5513 0x00000244b11d4a10 code [0x00000244b11d4bc0, 0x00000244b11d4ee8]
Event: 99.976 Thread 0x00000244c6b8a800 5514       3       com.fasterxml.jackson.databind.SerializationConfig::initialize (118 bytes)
Event: 99.977 Thread 0x00000244c6b8a800 nmethod 5514 0x00000244b127b510 code [0x00000244b127b740, 0x00000244b127c398]
Event: 99.977 Thread 0x00000244c6b8a800 5515       3       com.fasterxml.jackson.databind.ObjectWriter$Prefetch::serialize (79 bytes)
Event: 99.977 Thread 0x00000244c6b8a800 nmethod 5515 0x00000244b127ac10 code [0x00000244b127ae00, 0x00000244b127b358]
Event: 99.977 Thread 0x00000244c6b8a800 5517       3       org.apache.coyote.http11.Http11Processor::recycle (56 bytes)
Event: 99.978 Thread 0x00000244c6b8a800 nmethod 5517 0x00000244b127a210 code [0x00000244b127a420, 0x00000244b127a9d8]
Event: 99.978 Thread 0x00000244c6b8a800 5518       3       org.apache.coyote.http11.Http11OutputBuffer::recycle (10 bytes)
Event: 99.978 Thread 0x00000244c6b8a800 nmethod 5518 0x00000244b175ca90 code [0x00000244b175cc40, 0x00000244b175cdc8]
Event: 99.978 Thread 0x00000244c6b8a800 5516       3       com.fasterxml.jackson.core.json.JsonWriteContext::writeValue (90 bytes)
Event: 99.978 Thread 0x00000244c6b8a800 nmethod 5516 0x00000244b11d4490 code [0x00000244b11d4640, 0x00000244b11d4938]
Event: 99.980 Thread 0x00000244c6b8a800 5519       3       org.apache.catalina.connector.OutputBuffer::writeBytes (38 bytes)

GC Heap History (20 events):
Event: 0.598 GC heap before
{Heap before GC invocations=2 (full 0):
 garbage-first heap   total 131072K, used 28853K [0x0000000081400000, 0x0000000100000000)
  region size 1024K, 24 young (24576K), 1 survivors (1024K)
 Metaspace       used 4487K, capacity 6739K, committed 6912K, reserved 1056768K
  class space    used 498K, capacity 699K, committed 768K, reserved 1048576K
}
Event: 0.599 GC heap after
{Heap after GC invocations=3 (full 0):
 garbage-first heap   total 131072K, used 6356K [0x0000000081400000, 0x0000000100000000)
  region size 1024K, 1 young (1024K), 1 survivors (1024K)
 Metaspace       used 4487K, capacity 6739K, committed 6912K, reserved 1056768K
  class space    used 498K, capacity 699K, committed 768K, reserved 1048576K
}
Event: 1.712 GC heap before
{Heap before GC invocations=3 (full 0):
 garbage-first heap   total 131072K, used 82132K [0x0000000081400000, 0x0000000100000000)
  region size 1024K, 76 young (77824K), 1 survivors (1024K)
 Metaspace       used 15331K, capacity 15951K, committed 16256K, reserved 1062912K
  class space    used 1915K, capacity 2106K, committed 2176K, reserved 1048576K
}
Event: 1.719 GC heap after
{Heap after GC invocations=4 (full 0):
 garbage-first heap   total 131072K, used 8577K [0x0000000081400000, 0x0000000100000000)
  region size 1024K, 3 young (3072K), 3 survivors (3072K)
 Metaspace       used 15331K, capacity 15951K, committed 16256K, reserved 1062912K
  class space    used 1915K, capacity 2106K, committed 2176K, reserved 1048576K
}
Event: 2.603 GC heap before
{Heap before GC invocations=4 (full 0):
 garbage-first heap   total 131072K, used 82305K [0x0000000081400000, 0x0000000100000000)
  region size 1024K, 76 young (77824K), 3 survivors (3072K)
 Metaspace       used 18654K, capacity 19269K, committed 19456K, reserved 1067008K
  class space    used 2291K, capacity 2511K, committed 2560K, reserved 1048576K
}
Event: 2.610 GC heap after
{Heap after GC invocations=5 (full 0):
 garbage-first heap   total 131072K, used 10404K [0x0000000081400000, 0x0000000100000000)
  region size 1024K, 5 young (5120K), 5 survivors (5120K)
 Metaspace       used 18654K, capacity 19269K, committed 19456K, reserved 1067008K
  class space    used 2291K, capacity 2511K, committed 2560K, reserved 1048576K
}
Event: 2.998 GC heap before
{Heap before GC invocations=5 (full 0):
 garbage-first heap   total 131072K, used 22692K [0x0000000081400000, 0x0000000100000000)
  region size 1024K, 18 young (18432K), 5 survivors (5120K)
 Metaspace       used 20621K, capacity 21265K, committed 21296K, reserved 1069056K
  class space    used 2556K, capacity 2804K, committed 2816K, reserved 1048576K
}
Event: 3.005 GC heap after
{Heap after GC invocations=6 (full 0):
 garbage-first heap   total 157696K, used 11136K [0x0000000081400000, 0x0000000100000000)
  region size 1024K, 6 young (6144K), 6 survivors (6144K)
 Metaspace       used 20621K, capacity 21265K, committed 21296K, reserved 1069056K
  class space    used 2556K, capacity 2804K, committed 2816K, reserved 1048576K
}
Event: 4.216 GC heap before
{Heap before GC invocations=7 (full 0):
 garbage-first heap   total 45056K, used 42880K [0x0000000081400000, 0x0000000100000000)
  region size 1024K, 38 young (38912K), 6 survivors (6144K)
 Metaspace       used 24379K, capacity 25223K, committed 25420K, reserved 1071104K
  class space    used 3057K, capacity 3362K, committed 3404K, reserved 1048576K
}
Event: 4.225 GC heap after
{Heap after GC invocations=8 (full 0):
 garbage-first heap   total 53248K, used 13038K [0x0000000081400000, 0x0000000100000000)
  region size 1024K, 8 young (8192K), 8 survivors (8192K)
 Metaspace       used 24379K, capacity 25223K, committed 25420K, reserved 1071104K
  class space    used 3057K, capacity 3362K, committed 3404K, reserved 1048576K
}
Event: 4.229 GC heap before
{Heap before GC invocations=8 (full 0):
 garbage-first heap   total 53248K, used 35566K [0x0000000081400000, 0x0000000100000000)
  region size 1024K, 31 young (31744K), 8 survivors (8192K)
 Metaspace       used 24379K, capacity 25223K, committed 25420K, reserved 1071104K
  class space    used 3057K, capacity 3362K, committed 3404K, reserved 1048576K
}
Event: 4.237 GC heap after
{Heap after GC invocations=9 (full 0):
 garbage-first heap   total 53248K, used 13502K [0x0000000081400000, 0x0000000100000000)
  region size 1024K, 3 young (3072K), 3 survivors (3072K)
 Metaspace       used 24379K, capacity 25223K, committed 25420K, reserved 1071104K
  class space    used 3057K, capacity 3362K, committed 3404K, reserved 1048576K
}
Event: 4.406 GC heap before
{Heap before GC invocations=9 (full 0):
 garbage-first heap   total 53248K, used 39102K [0x0000000081400000, 0x0000000100000000)
  region size 1024K, 29 young (29696K), 3 survivors (3072K)
 Metaspace       used 25072K, capacity 25893K, committed 26060K, reserved 1071104K
  class space    used 3120K, capacity 3436K, committed 3532K, reserved 1048576K
}
Event: 4.409 GC heap after
{Heap after GC invocations=10 (full 0):
 garbage-first heap   total 53248K, used 13456K [0x0000000081400000, 0x0000000100000000)
  region size 1024K, 3 young (3072K), 3 survivors (3072K)
 Metaspace       used 25072K, capacity 25893K, committed 26060K, reserved 1071104K
  class space    used 3120K, capacity 3436K, committed 3532K, reserved 1048576K
}
Event: 4.450 GC heap before
{Heap before GC invocations=10 (full 0):
 garbage-first heap   total 53248K, used 40080K [0x0000000081400000, 0x0000000100000000)
  region size 1024K, 30 young (30720K), 3 survivors (3072K)
 Metaspace       used 25089K, capacity 25957K, committed 26060K, reserved 1071104K
  class space    used 3120K, capacity 3436K, committed 3532K, reserved 1048576K
}
Event: 4.453 GC heap after
{Heap after GC invocations=11 (full 0):
 garbage-first heap   total 53248K, used 13258K [0x0000000081400000, 0x0000000100000000)
  region size 1024K, 1 young (1024K), 1 survivors (1024K)
 Metaspace       used 25089K, capacity 25957K, committed 26060K, reserved 1071104K
  class space    used 3120K, capacity 3436K, committed 3532K, reserved 1048576K
}
Event: 5.197 GC heap before
{Heap before GC invocations=11 (full 0):
 garbage-first heap   total 53248K, used 42954K [0x0000000081400000, 0x0000000100000000)
  region size 1024K, 30 young (30720K), 1 survivors (1024K)
 Metaspace       used 28266K, capacity 29296K, committed 29644K, reserved 1075200K
  class space    used 3543K, capacity 3947K, committed 4044K, reserved 1048576K
}
Event: 5.202 GC heap after
{Heap after GC invocations=12 (full 0):
 garbage-first heap   total 53248K, used 14970K [0x0000000081400000, 0x0000000100000000)
  region size 1024K, 3 young (3072K), 3 survivors (3072K)
 Metaspace       used 28266K, capacity 29296K, committed 29644K, reserved 1075200K
  class space    used 3543K, capacity 3947K, committed 4044K, reserved 1048576K
}
Event: 96.824 GC heap before
{Heap before GC invocations=12 (full 0):
 garbage-first heap   total 53248K, used 41594K [0x0000000081400000, 0x0000000100000000)
  region size 1024K, 29 young (29696K), 3 survivors (3072K)
 Metaspace       used 32100K, capacity 33307K, committed 33356K, reserved 1079296K
  class space    used 3943K, capacity 4389K, committed 4428K, reserved 1048576K
}
Event: 96.831 GC heap after
{Heap after GC invocations=13 (full 0):
 garbage-first heap   total 64512K, used 16410K [0x0000000081400000, 0x0000000100000000)
  region size 1024K, 4 young (4096K), 4 survivors (4096K)
 Metaspace       used 32100K, capacity 33307K, committed 33356K, reserved 1079296K
  class space    used 3943K, capacity 4389K, committed 4428K, reserved 1048576K
}

Deoptimization events (20 events):
Event: 96.325 Thread 0x00000244ca29a800 Uncommon trap: trap_request=0xffffffcc fr.pc=0x00000244b8843b48 relative=0x00000000000002c8
Event: 96.326 Thread 0x00000244ca29a800 Uncommon trap: reason=intrinsic_or_type_checked_inlining action=make_not_entrant pc=0x00000244b8843b48 method=java.util.Arrays.copyOf([Ljava/lang/Object;ILjava/lang/Class;)[Ljava/lang/Object; @ 35 c2
Event: 96.326 Thread 0x00000244ca29a800 DEOPT PACKING pc=0x00000244b8843b48 sp=0x0000009e266fd3b0
Event: 96.326 Thread 0x00000244ca29a800 DEOPT UNPACKING pc=0x00000244b0b6912f sp=0x0000009e266fd340 mode 2
Event: 99.040 Thread 0x00000244cb7d4800 Uncommon trap: trap_request=0xffffffbe fr.pc=0x00000244b8671248 relative=0x00000000000003a8
Event: 99.040 Thread 0x00000244cb7d4800 Uncommon trap: reason=profile_predicate action=maybe_recompile pc=0x00000244b8671248 method=org.apache.tomcat.util.buf.AbstractChunk.indexOf(Ljava/lang/String;III)I @ 29 c2
Event: 99.040 Thread 0x00000244cb7d4800 DEOPT PACKING pc=0x00000244b8671248 sp=0x0000009e280fea50
Event: 99.040 Thread 0x00000244cb7d4800 DEOPT UNPACKING pc=0x00000244b0b6912f sp=0x0000009e280fe9e8 mode 2
Event: 99.040 Thread 0x00000244cb7d4800 Uncommon trap: trap_request=0xffffffbe fr.pc=0x00000244b8671248 relative=0x00000000000003a8
Event: 99.040 Thread 0x00000244cb7d4800 Uncommon trap: reason=profile_predicate action=maybe_recompile pc=0x00000244b8671248 method=org.apache.tomcat.util.buf.AbstractChunk.indexOf(Ljava/lang/String;III)I @ 29 c2
Event: 99.040 Thread 0x00000244cb7d4800 DEOPT PACKING pc=0x00000244b8671248 sp=0x0000009e280fea50
Event: 99.040 Thread 0x00000244cb7d4800 DEOPT UNPACKING pc=0x00000244b0b6912f sp=0x0000009e280fe9e8 mode 2
Event: 99.048 Thread 0x00000244cb7d3800 Uncommon trap: trap_request=0xffffffbe fr.pc=0x00000244b8671248 relative=0x00000000000003a8
Event: 99.048 Thread 0x00000244cb7d3800 Uncommon trap: reason=profile_predicate action=maybe_recompile pc=0x00000244b8671248 method=org.apache.tomcat.util.buf.AbstractChunk.indexOf(Ljava/lang/String;III)I @ 29 c2
Event: 99.048 Thread 0x00000244cb7d3800 DEOPT PACKING pc=0x00000244b8671248 sp=0x0000009e267fe920
Event: 99.048 Thread 0x00000244cb7d3800 DEOPT UNPACKING pc=0x00000244b0b6912f sp=0x0000009e267fe8b8 mode 2
Event: 99.048 Thread 0x00000244cb7d3800 Uncommon trap: trap_request=0xffffffbe fr.pc=0x00000244b8671248 relative=0x00000000000003a8
Event: 99.048 Thread 0x00000244cb7d3800 Uncommon trap: reason=profile_predicate action=maybe_recompile pc=0x00000244b8671248 method=org.apache.tomcat.util.buf.AbstractChunk.indexOf(Ljava/lang/String;III)I @ 29 c2
Event: 99.048 Thread 0x00000244cb7d3800 DEOPT PACKING pc=0x00000244b8671248 sp=0x0000009e267fe920
Event: 99.048 Thread 0x00000244cb7d3800 DEOPT UNPACKING pc=0x00000244b0b6912f sp=0x0000009e267fe8b8 mode 2

Classes unloaded (0 events):
No events

Classes redefined (0 events):
No events

Internal exceptions (20 events):
Event: 4.532 Thread 0x00000244c7f5b000 Exception <a 'java/lang/NoSuchMethodError'{0x0000000088314ce8}: 'int java.lang.invoke.DirectMethodHandle$Holder.invokeInterface(java.lang.Object, java.lang.Object, java.lang.Object, java.lang.Object)'> (0x0000000088314ce8) 
thrown [./open/src/hotspot/share/interpreter/linkResolver.cpp, line 766]
Event: 4.619 Thread 0x00000244c7f5b000 Exception <a 'java/io/FileNotFoundException'{0x0000000083f44158}> (0x0000000083f44158) 
thrown [./open/src/hotspot/share/prims/jni.cpp, line 599]
Event: 4.758 Thread 0x00000244c7f5b000 Exception <a 'java/lang/ClassNotFoundException'{0x0000000083b62be8}: java/lang/ObjectCustomizer> (0x0000000083b62be8) 
thrown [./open/src/hotspot/share/classfile/systemDictionary.cpp, line 226]
Event: 4.760 Thread 0x00000244c7f5b000 Exception <a 'java/lang/ClassNotFoundException'{0x0000000083b886c0}: org/springframework/web/servlet/config/annotation/WebMvcConfigurationSupportCustomizer> (0x0000000083b886c0) 
thrown [./open/src/hotspot/share/classfile/systemDictionary.cpp, line 226]
Event: 4.761 Thread 0x00000244c7f5b000 Exception <a 'java/lang/ClassNotFoundException'{0x0000000083bba238}: org/springframework/web/servlet/config/annotation/DelegatingWebMvcConfigurationCustomizer> (0x0000000083bba238) 
thrown [./open/src/hotspot/share/classfile/systemDictionary.cpp, line 226]
Event: 4.763 Thread 0x00000244c7f5b000 Exception <a 'java/lang/ClassNotFoundException'{0x0000000083be57d0}: org/springframework/boot/autoconfigure/web/servlet/WebMvcAutoConfiguration$EnableWebMvcConfigurationCustomizer> (0x0000000083be57d0) 
thrown [./open/src/hotspot/share/classfile/systemDictionary.cpp, line 226]
Event: 4.766 Thread 0x00000244c7f5b000 Exception <a 'java/lang/ClassNotFoundException'{0x0000000083a113d0}: org/springframework/context/ResourceLoaderAwareCustomizer> (0x0000000083a113d0) 
thrown [./open/src/hotspot/share/classfile/systemDictionary.cpp, line 226]
Event: 4.767 Thread 0x00000244c7f5b000 Exception <a 'java/lang/ClassNotFoundException'{0x0000000083a2c740}: org/springframework/beans/factory/AwareCustomizer> (0x0000000083a2c740) 
thrown [./open/src/hotspot/share/classfile/systemDictionary.cpp, line 226]
Event: 4.768 Thread 0x00000244c7f5b000 Exception <a 'java/lang/ClassNotFoundException'{0x0000000083a491c0}: org/springframework/context/ApplicationContextAwareCustomizer> (0x0000000083a491c0) 
thrown [./open/src/hotspot/share/classfile/systemDictionary.cpp, line 226]
Event: 4.768 Thread 0x00000244c7f5b000 Exception <a 'java/lang/ClassNotFoundException'{0x0000000083a65120}: org/springframework/beans/factory/AwareCustomizer> (0x0000000083a65120) 
thrown [./open/src/hotspot/share/classfile/systemDictionary.cpp, line 226]
Event: 4.769 Thread 0x00000244c7f5b000 Exception <a 'java/lang/ClassNotFoundException'{0x0000000083a81e00}: org/springframework/web/context/ServletContextAwareCustomizer> (0x0000000083a81e00) 
thrown [./open/src/hotspot/share/classfile/systemDictionary.cpp, line 226]
Event: 4.771 Thread 0x00000244c7f5b000 Exception <a 'java/lang/ClassNotFoundException'{0x0000000083a9d5d8}: org/springframework/beans/factory/AwareCustomizer> (0x0000000083a9d5d8) 
thrown [./open/src/hotspot/share/classfile/systemDictionary.cpp, line 226]
Event: 4.935 Thread 0x00000244c7f5b000 Exception <a 'java/lang/NoSuchMethodError'{0x00000000833584c0}: 'void java.lang.invoke.DirectMethodHandle$Holder.invokeVirtual(java.lang.Object, java.lang.Object, int)'> (0x00000000833584c0) 
thrown [./open/src/hotspot/share/interpreter/linkResolver.cpp, line 766]
Event: 4.938 Thread 0x00000244c7f5b000 Exception <a 'java/lang/NoSuchMethodError'{0x0000000083370fc8}: 'void java.lang.invoke.DirectMethodHandle$Holder.invokeVirtual(java.lang.Object, java.lang.Object, long)'> (0x0000000083370fc8) 
thrown [./open/src/hotspot/share/interpreter/linkResolver.cpp, line 766]
Event: 5.124 Thread 0x00000244c7f5b000 Exception <a 'java/lang/IncompatibleClassChangeError'{0x0000000082d5b9a8}: Found class java.lang.Object, but interface was expected> (0x0000000082d5b9a8) 
thrown [./open/src/hotspot/share/interpreter/linkResolver.cpp, line 832]
Event: 5.169 Thread 0x00000244c7f5b000 Exception <a 'java/lang/NoSuchMethodError'{0x0000000082cc63d8}: 'int java.lang.invoke.DirectMethodHandle$Holder.invokeStaticInit(java.lang.Object, java.lang.Object, java.lang.Object, java.lang.Object)'> (0x0000000082cc63d8) 
thrown [./open/src/hotspot/share/interpreter/linkResolver.cpp, line 766]
Event: 5.344 Thread 0x00000244c7f5b000 Exception <a 'java/lang/NoSuchMethodError'{0x00000000885f9048}: 'java.lang.Object java.lang.invoke.DirectMethodHandle$Holder.invokeSpecial(java.lang.Object, java.lang.Object, int, java.lang.Object, int, java.lang.Object)'> (0x00000000885f9048) 
thrown [./open/src/hotspot/share/interpreter/linkResolver.cpp, line 766]
Event: 5.345 Thread 0x00000244c7f5b000 Exception <a 'java/lang/NoSuchMethodError'{0x00000000884000b8}: 'java.lang.Object java.lang.invoke.DirectMethodHandle$Holder.invokeStatic(java.lang.Object, java.lang.Object, int, java.lang.Object, int)'> (0x00000000884000b8) 
thrown [./open/src/hotspot/share/interpreter/linkResolver.cpp, line 766]
Event: 5.345 Thread 0x00000244c7f5b000 Exception <a 'java/lang/NoSuchMethodError'{0x0000000088403748}: 'java.lang.Object java.lang.invoke.DirectMethodHandle$Holder.invokeSpecial(java.lang.Object, java.lang.Object, java.lang.Object, int, java.lang.Object, int)'> (0x0000000088403748) 
thrown [./open/src/hotspot/share/interpreter/linkResolver.cpp, line 766]
Event: 5.347 Thread 0x00000244c7f5b000 Exception <a 'java/lang/NoSuchMethodError'{0x000000008840d4b0}: 'void java.lang.invoke.DirectMethodHandle$Holder.invokeVirtual(java.lang.Object, java.lang.Object)'> (0x000000008840d4b0) 
thrown [./open/src/hotspot/share/interpreter/linkResolver.cpp, line 766]

Events (20 events):
Event: 98.096 Thread 0x00000244c6b8f800 flushing nmethod 0x00000244b1996a90
Event: 98.096 Thread 0x00000244c6b8f800 flushing nmethod 0x00000244b1997790
Event: 98.096 Thread 0x00000244c6b8f800 flushing nmethod 0x00000244b19a2010
Event: 98.096 Thread 0x00000244c6b8f800 flushing nmethod 0x00000244b19a5210
Event: 98.096 Thread 0x00000244c6b8f800 flushing nmethod 0x00000244b19acd10
Event: 98.096 Thread 0x00000244c6b8f800 flushing nmethod 0x00000244b19adc10
Event: 98.096 Thread 0x00000244c6b8f800 flushing nmethod 0x00000244b19aed90
Event: 98.096 Thread 0x00000244c6b8f800 flushing nmethod 0x00000244b19b2110
Event: 98.096 Thread 0x00000244c6b8f800 flushing nmethod 0x00000244b19b5d10
Event: 98.096 Thread 0x00000244c6b8f800 flushing nmethod 0x00000244b1a07b10
Event: 98.096 Thread 0x00000244c6b8f800 flushing nmethod 0x00000244b1a1b090
Event: 99.182 Executing VM operation: HandshakeOneThread
Event: 99.182 Executing VM operation: HandshakeOneThread done
Event: 99.202 Executing VM operation: HandshakeOneThread
Event: 99.202 Executing VM operation: HandshakeOneThread done
Event: 99.731 Executing VM operation: HandshakeOneThread
Event: 99.731 Executing VM operation: HandshakeOneThread done
Event: 99.734 Executing VM operation: HandshakeOneThread
Event: 99.734 Executing VM operation: HandshakeOneThread done
Event: 99.808 Thread 0x00000244cb7d5000 Thread exited: 0x00000244cb7d5000


Dynamic libraries:
0x00007ff6fcf00000 - 0x00007ff6fcf0f000 	C:\Program Files\Java\jdk-14.0.2\bin\java.exe
0x00007ffc30c40000 - 0x00007ffc30e30000 	C:\WINDOWS\SYSTEM32\ntdll.dll
0x00007ffc2ee20000 - 0x00007ffc2eed3000 	C:\WINDOWS\System32\KERNEL32.DLL
0x00007ffc2dbb0000 - 0x00007ffc2de55000 	C:\WINDOWS\System32\KERNELBASE.dll
0x00007ffc2de60000 - 0x00007ffc2df5a000 	C:\WINDOWS\System32\ucrtbase.dll
0x00007ffc12480000 - 0x00007ffc12495000 	C:\Program Files\Java\jdk-14.0.2\bin\VCRUNTIME140.dll
0x00007ffc124d0000 - 0x00007ffc124e8000 	C:\Program Files\Java\jdk-14.0.2\bin\jli.dll
0x00007ffc2f4c0000 - 0x00007ffc2f565000 	C:\WINDOWS\System32\ADVAPI32.dll
0x00007ffc304f0000 - 0x00007ffc3058e000 	C:\WINDOWS\System32\msvcrt.dll
0x00007ffc309a0000 - 0x00007ffc30a38000 	C:\WINDOWS\System32\sechost.dll
0x00007ffc30590000 - 0x00007ffc306ab000 	C:\WINDOWS\System32\RPCRT4.dll
0x00007ffc2f570000 - 0x00007ffc2f704000 	C:\WINDOWS\System32\USER32.dll
0x00007ffc21c20000 - 0x00007ffc21ea4000 	C:\WINDOWS\WinSxS\amd64_microsoft.windows.common-controls_6595b64144ccf1df_6.0.18362.2037_none_9e7c226de460245a\COMCTL32.dll
0x00007ffc2e380000 - 0x00007ffc2e3a1000 	C:\WINDOWS\System32\win32u.dll
0x00007ffc2f180000 - 0x00007ffc2f4b6000 	C:\WINDOWS\System32\combase.dll
0x00007ffc2fdd0000 - 0x00007ffc2fdf6000 	C:\WINDOWS\System32\GDI32.dll
0x00007ffc2e030000 - 0x00007ffc2e1c8000 	C:\WINDOWS\System32\gdi32full.dll
0x00007ffc2eba0000 - 0x00007ffc2ec24000 	C:\WINDOWS\System32\bcryptPrimitives.dll
0x00007ffc2df90000 - 0x00007ffc2e02e000 	C:\WINDOWS\System32\msvcp_win.dll
0x00007ffc27b30000 - 0x00007ffc27b3a000 	C:\WINDOWS\SYSTEM32\VERSION.dll
0x00007ffc2f770000 - 0x00007ffc2f79e000 	C:\WINDOWS\System32\IMM32.DLL
0x00007ffc01840000 - 0x00007ffc018db000 	C:\Program Files\Java\jdk-14.0.2\bin\msvcp140.dll
0x00007ffbdbab0000 - 0x00007ffbdc5ce000 	C:\Program Files\Java\jdk-14.0.2\bin\server\jvm.dll
0x00007ffc2fca0000 - 0x00007ffc2fca8000 	C:\WINDOWS\System32\PSAPI.DLL
0x00007ffc2b370000 - 0x00007ffc2b379000 	C:\WINDOWS\SYSTEM32\WSOCK32.dll
0x00007ffc2ada0000 - 0x00007ffc2adc4000 	C:\WINDOWS\SYSTEM32\WINMM.dll
0x00007ffc2f090000 - 0x00007ffc2f0ff000 	C:\WINDOWS\System32\WS2_32.dll
0x00007ffc2ac80000 - 0x00007ffc2acad000 	C:\WINDOWS\SYSTEM32\WINMMBASE.dll
0x00007ffc2e3b0000 - 0x00007ffc2e3fa000 	C:\WINDOWS\System32\cfgmgr32.dll
0x00007ffc2db20000 - 0x00007ffc2db31000 	C:\WINDOWS\System32\kernel.appcore.dll
0x00007ffc13ca0000 - 0x00007ffc13caa000 	C:\Program Files\Java\jdk-14.0.2\bin\jimage.dll
0x00007ffc1b4c0000 - 0x00007ffc1b6b4000 	C:\WINDOWS\SYSTEM32\DBGHELP.DLL
0x00007ffc1afc0000 - 0x00007ffc1afea000 	C:\WINDOWS\SYSTEM32\dbgcore.DLL
0x00007ffc0e4f0000 - 0x00007ffc0e515000 	C:\Program Files\Java\jdk-14.0.2\bin\java.dll
0x00007ffc118f0000 - 0x00007ffc11906000 	C:\Program Files\Java\jdk-14.0.2\bin\zip.dll
0x00007ffc2fe00000 - 0x00007ffc304e7000 	C:\WINDOWS\System32\SHELL32.dll
0x00007ffc2fcb0000 - 0x00007ffc2fd59000 	C:\WINDOWS\System32\shcore.dll
0x00007ffc2e420000 - 0x00007ffc2eb9c000 	C:\WINDOWS\System32\windows.storage.dll
0x00007ffc2db90000 - 0x00007ffc2dbae000 	C:\WINDOWS\System32\profapi.dll
0x00007ffc2db40000 - 0x00007ffc2db8a000 	C:\WINDOWS\System32\powrprof.dll
0x00007ffc2daf0000 - 0x00007ffc2db00000 	C:\WINDOWS\System32\UMPDC.dll
0x00007ffc30a40000 - 0x00007ffc30a92000 	C:\WINDOWS\System32\shlwapi.dll
0x00007ffc2e400000 - 0x00007ffc2e417000 	C:\WINDOWS\System32\cryptsp.dll
0x00007ffc11550000 - 0x00007ffc11569000 	C:\Program Files\Java\jdk-14.0.2\bin\net.dll
0x00007ffc25270000 - 0x00007ffc25369000 	C:\WINDOWS\SYSTEM32\WINHTTP.dll
0x00007ffc2d2d0000 - 0x00007ffc2d337000 	C:\WINDOWS\system32\mswsock.dll
0x00007ffc0daf0000 - 0x00007ffc0db02000 	C:\Program Files\Java\jdk-14.0.2\bin\nio.dll
0x00007ffc135e0000 - 0x00007ffc135f0000 	C:\Program Files\Java\jdk-14.0.2\bin\verify.dll
0x00007ffc133e0000 - 0x00007ffc133e9000 	C:\Program Files\Java\jdk-14.0.2\bin\management.dll
0x00007ffc131e0000 - 0x00007ffc131eb000 	C:\Program Files\Java\jdk-14.0.2\bin\management_ext.dll
0x00007ffc12440000 - 0x00007ffc12456000 	C:\WINDOWS\system32\napinsp.dll
0x00007ffc0e380000 - 0x00007ffc0e39a000 	C:\WINDOWS\system32\pnrpnsp.dll
0x00007ffc2d030000 - 0x00007ffc2d0fa000 	C:\WINDOWS\SYSTEM32\DNSAPI.dll
0x00007ffc2ee10000 - 0x00007ffc2ee18000 	C:\WINDOWS\System32\NSI.dll
0x00007ffc2cfe0000 - 0x00007ffc2d01a000 	C:\WINDOWS\SYSTEM32\IPHLPAPI.DLL
0x00007ffc25150000 - 0x00007ffc2515e000 	C:\WINDOWS\System32\winrnr.dll
0x00007ffc2b210000 - 0x00007ffc2b22c000 	C:\WINDOWS\system32\NLAapi.dll
0x00007ffc29dc0000 - 0x00007ffc29dd5000 	C:\WINDOWS\system32\wshbth.dll
0x00007ffc28f40000 - 0x00007ffc28f4a000 	C:\Windows\System32\rasadhlp.dll
0x00007ffc26c80000 - 0x00007ffc26cf7000 	C:\WINDOWS\System32\fwpuclnt.dll
0x00007ffc2df60000 - 0x00007ffc2df86000 	C:\WINDOWS\System32\bcrypt.dll
0x00007ffc2ce50000 - 0x00007ffc2ce83000 	C:\WINDOWS\system32\rsaenh.dll
0x00007ffc2da10000 - 0x00007ffc2da35000 	C:\WINDOWS\SYSTEM32\USERENV.dll
0x00007ffc2d4a0000 - 0x00007ffc2d4ac000 	C:\WINDOWS\SYSTEM32\CRYPTBASE.dll
0x00007ffc27870000 - 0x00007ffc27886000 	C:\WINDOWS\SYSTEM32\dhcpcsvc6.DLL
0x00007ffc27850000 - 0x00007ffc2786c000 	C:\WINDOWS\SYSTEM32\dhcpcsvc.DLL

dbghelp: loaded successfully - version: 4.0.5 - missing functions: none
symbol engine: initialized successfully - sym options: 0x614 - pdb path: .;C:\Program Files\Java\jdk-14.0.2\bin;C:\WINDOWS\SYSTEM32;C:\WINDOWS\WinSxS\amd64_microsoft.windows.common-controls_6595b64144ccf1df_6.0.18362.2037_none_9e7c226de460245a;C:\Program Files\Java\jdk-14.0.2\bin\server

VM Arguments:
jvm_args: -Dfile.encoding=windows-1252 -Duser.country=FR -Duser.language=fr -Duser.variant 
java_command: group.example.group.GroupApplication
java_class_path (initial): C:\Users\Simo\Desktop\group\build\classes\java\main;C:\Users\Simo\Desktop\group\build\resources\main;C:\Users\Simo\.gradle\caches\modules-2\files-2.1\org.springframework.boot\spring-boot-devtools\2.6.2\2f766b028fcb09d6b3fec1f17bcc19b96ff4ebce\spring-boot-devtools-2.6.2.jar;C:\Users\Simo\.gradle\caches\modules-2\files-2.1\org.springframework.boot\spring-boot-starter-data-jpa\2.6.2\3eb637ccd03194f1d639b9efed1ff7d73c8592e3\spring-boot-starter-data-jpa-2.6.2.jar;C:\Users\Simo\.gradle\caches\modules-2\files-2.1\org.springframework.boot\spring-boot-starter-web\2.6.2\685b236afc0144a52383cd2c52731dd016f9badd\spring-boot-starter-web-2.6.2.jar;C:\Users\Simo\.gradle\caches\modules-2\files-2.1\mysql\mysql-connector-java\8.0.27\f1da9f10a3de6348725a413304aab6d0aa04f923\mysql-connector-java-8.0.27.jar;C:\Users\Simo\.gradle\caches\modules-2\files-2.1\org.springframework.boot\spring-boot-starter-aop\2.6.2\af16c0de56462ef8a6a9ac63cff30bf5120fc5b3\spring-boot-starter-aop-2.6.2.jar;C:\Users\Simo\.gradle\caches\modules-2\files-2.1\org.springframework.boot\spring-boot-starter-jdbc\2.6.2\ff853babf286bf913d73197d0f0b521343d5e8aa\spring-boot-starter-jdbc-2.6.2.jar;C:\Users\Simo\.gradle\caches\modules-2\files-2.1\org.springframework.boot\spring-boot-starter-json\2.6.2\c0d457ff259c487521706fd2efac75d61595d527\spring-boot-starter-json-2.6.2.jar;C:\Users\Simo\.gradle\caches\modules-2\files-2.1\org.springframework.boot\spring-boot-starter\2.6.2\c36f1f6886cdbedc5347fdea62b97b44b053b0ba\spring-boot-starter-2.6.2.jar;C:\Users\Simo\.gradle\caches\modules-2\files-2.1\org.springframework.boot\spring-boot-autoconfigure\2.6.2\7c91bce101d3f796cccbc1a6744c1ea389fff73f\spring-boot-autoconfigure-2.6.2.jar;C:\Users\Simo\.gradle\caches\modules-2\files-2.1\org.springframework.boot\spring-boot\2.6.2\bbf59f411320da665411692359ff511315d0ff91\spring-boot-2.6.2.jar;C:\Users\Simo\.gradle\caches\modules-2\files-2.1\jakarta.transaction\jakarta.transaction-api\1.3.3\c4179d48720a1e87202115fb
Launcher Type: SUN_STANDARD

[Global flags]
     intx CICompilerCount                          = 3                                         {product} {ergonomic}
     uint ConcGCThreads                            = 1                                         {product} {ergonomic}
     uint G1ConcRefinementThreads                  = 4                                         {product} {ergonomic}
   size_t G1HeapRegionSize                         = 1048576                                   {product} {ergonomic}
    uintx GCDrainStackTargetSize                   = 64                                        {product} {ergonomic}
   size_t InitialHeapSize                          = 134217728                                 {product} {ergonomic}
   size_t MarkStackSize                            = 4194304                                   {product} {ergonomic}
   size_t MaxHeapSize                              = 2126512128                                {product} {ergonomic}
   size_t MaxNewSize                               = 1275068416                                {product} {ergonomic}
   size_t MinHeapDeltaBytes                        = 1048576                                   {product} {ergonomic}
   size_t MinHeapSize                              = 8388608                                   {product} {ergonomic}
    uintx NonNMethodCodeHeapSize                   = 5832780                                {pd product} {ergonomic}
    uintx NonProfiledCodeHeapSize                  = 122912730                              {pd product} {ergonomic}
    uintx ProfiledCodeHeapSize                     = 122912730                              {pd product} {ergonomic}
    uintx ReservedCodeCacheSize                    = 251658240                              {pd product} {ergonomic}
     bool SegmentedCodeCache                       = true                                      {product} {ergonomic}
   size_t SoftMaxHeapSize                          = 2126512128                             {manageable} {ergonomic}
     bool UseCompressedClassPointers               = true                                 {lp64_product} {ergonomic}
     bool UseCompressedOops                        = true                                 {lp64_product} {ergonomic}
     bool UseG1GC                                  = true                                      {product} {ergonomic}
     bool UseLargePagesIndividualAllocation        = false                                  {pd product} {ergonomic}

Logging:
Log output configuration:
 #0: stdout all=warning uptime,level,tags
 #1: stderr all=off uptime,level,tags

Environment Variables:
PATH=C:\Program Files\Common Files\Oracle\Java\javapath;C:\Program Files (x86)\Common Files\Oracle\Java\javapath;"C:\WINDOWS\system32;C:\MinGW\bin\";C:\WINDOWS;C:\WINDOWS\System32\Wbem;C:\WINDOWS\System32\WindowsPowerShell\v1.0\;C:\Program Files\Git\cmd;C:\Program Files\nodejs\;C:\WINDOWS\System32\OpenSSH\;C:\Windows\System32;C:\Users\Simo\AppData\Local\Microsoft\WindowsApps;C:\Users\Simo\AppData\Local\Programs\Microsoft VS Code\bin;C:\Users\Simo\AppData\Roaming\npm;C:\Windows\System32;
USERNAME=Simo
OS=Windows_NT
PROCESSOR_IDENTIFIER=Intel64 Family 6 Model 60 Stepping 3, GenuineIntel



---------------  S Y S T E M  ---------------

OS: Windows 10 , 64 bit Build 18362 (10.0.18362.2037)
OS uptime: 2 days 1:42 hours

CPU:total 4 (initial active 4) (2 cores per cpu, 2 threads per core) family 6 model 60 stepping 3, cmov, cx8, fxsr, mmx, sse, sse2, sse3, ssse3, sse4.1, sse4.2, popcnt, avx, avx2, aes, clmul, erms, lzcnt, ht, tsc, tscinvbit, bmi1, bmi2, fma

Memory: 4k page, system-wide physical 8110M (821M free)
TotalPageFile size 32686M (AvailPageFile size 56M)
current process WorkingSet (physical memory assigned to process): 209M, peak: 214M
current process commit charge ("private bytes"): 243M, peak: 293M

vm_info: Java HotSpot(TM) 64-Bit Server VM (14.0.2+12-46) for windows-amd64 JRE (14.0.2+12-46), built on Jul  9 2020 00:35:52 by "mach5one" with MS VC++ 15.9 (VS2017)

END.
