#
# There is insufficient memory for the Java Runtime Environment to continue.
# Native memory allocation (malloc) failed to allocate 32744 bytes for ChunkPool::allocate
# Possible reasons:
#   The system is out of physical RAM or swap space
#   The process is running with CompressedOops enabled, and the Java Heap may be blocking the growth of the native heap
# Possible solutions:
#   Reduce memory load on the system
#   Increase physical memory or swap space
#   Check if swap backing store is full
#   Decrease Java heap size (-Xmx/-Xms)
#   Decrease number of Java threads
#   Decrease Java thread stack sizes (-Xss)
#   Set larger code cache with -XX:ReservedCodeCacheSize=
#   JVM is running with Unscaled Compressed Oops mode in which the Java heap is
#     placed in the first 4GB address space. The Java Heap base address is the
#     maximum limit for the native heap growth. Please use -XX:HeapBaseMinAddress
#     to set the Java Heap base and to place the Java Heap above 4GB virtual address.
# This output file may be truncated or incomplete.
#
#  Out of Memory Error (./open/src/hotspot/share/memory/arena.cpp:79), pid=2080, tid=6348
#
# JRE version: Java(TM) SE Runtime Environment (14.0.2+12) (build 14.0.2+12-46)
# Java VM: Java HotSpot(TM) 64-Bit Server VM (14.0.2+12-46, mixed mode, sharing, tiered, compressed oops, g1 gc, windows-amd64)
# No core dump will be written. Minidumps are not enabled by default on client versions of Windows
#

---------------  S U M M A R Y ------------

Command Line: -Dfile.encoding=windows-1252 -Duser.country=FR -Duser.language=fr -Duser.variant group.example.group.GroupApplication

Host: Intel(R) Core(TM) i5-4210H CPU @ 2.90GHz, 4 cores, 7G,  Windows 10 , 64 bit Build 18362 (10.0.18362.2037)
Time: Fri Jan 21 11:53:19 2022 Paris, Madrid elapsed time: 686 seconds (0d 0h 11m 26s)

---------------  T H R E A D  ---------------

Current thread (0x000001c8fe578000):  JavaThread "C2 CompilerThread0" daemon [_thread_in_native, id=6348, stack(0x000000be91500000,0x000000be91600000)]


Current CompileTask:
C2: 686775 6770       4       org.springframework.boot.devtools.filewatch.DirectorySnapshot::collectFiles (99 bytes)

Stack: [0x000000be91500000,0x000000be91600000]
Native frames: (J=compiled Java code, j=interpreted, Vv=VM code, C=native code)
V  [jvm.dll+0x5f8a9a]
V  [jvm.dll+0x74247a]
V  [jvm.dll+0x743c2f]
V  [jvm.dll+0x744273]
V  [jvm.dll+0x20d288]
V  [jvm.dll+0xabea6]
V  [jvm.dll+0xac1fc]
V  [jvm.dll+0x58d426]
V  [jvm.dll+0x58e3cf]
V  [jvm.dll+0x58c905]
V  [jvm.dll+0x1e5ca5]
V  [jvm.dll+0x1e50b8]
V  [jvm.dll+0x1779cc]
V  [jvm.dll+0x1f4105]
V  [jvm.dll+0x1f22eb]
V  [jvm.dll+0x7070cd]
V  [jvm.dll+0x6ffeda]
V  [jvm.dll+0x5f78f6]
C  [ucrtbase.dll+0x210b2]
C  [KERNEL32.DLL+0x17c24]
C  [ntdll.dll+0x6d721]


---------------  P R O C E S S  ---------------

Threads class SMR info:
_java_thread_list=0x000001c89d318890, length=28, elements={
0x000001c8fe556800, 0x000001c8fe559000, 0x000001c8fe56f000, 0x000001c8fe572800,
0x000001c8fe573800, 0x000001c8fe578000, 0x000001c8fe579000, 0x000001c8fe57d800,
0x000001c8fefde000, 0x000001c8fefe5800, 0x000001c8ff6e2800, 0x000001c8ff6e3000,
0x000001c8ff4b0800, 0x000001c89d140000, 0x000001c8ff52f000, 0x000001c8ff412000,
0x000001c8ff416000, 0x000001c8ff413000, 0x000001c8ff414800, 0x000001c8ff413800,
0x000001c8ff415800, 0x000001c8ff417000, 0x000001c8ff411000, 0x000001c8ff418000,
0x000001c89d421000, 0x000001c89d41e800, 0x000001c89d41f800, 0x000001c89d41d000
}

Java Threads: ( => current thread )
  0x000001c8fe556800 JavaThread "Reference Handler" daemon [_thread_blocked, id=16240, stack(0x000000be91000000,0x000000be91100000)]
  0x000001c8fe559000 JavaThread "Finalizer" daemon [_thread_blocked, id=2216, stack(0x000000be91100000,0x000000be91200000)]
  0x000001c8fe56f000 JavaThread "Signal Dispatcher" daemon [_thread_blocked, id=2964, stack(0x000000be91200000,0x000000be91300000)]
  0x000001c8fe572800 JavaThread "Attach Listener" daemon [_thread_blocked, id=2660, stack(0x000000be91300000,0x000000be91400000)]
  0x000001c8fe573800 JavaThread "Service Thread" daemon [_thread_blocked, id=16592, stack(0x000000be91400000,0x000000be91500000)]
=>0x000001c8fe578000 JavaThread "C2 CompilerThread0" daemon [_thread_in_native, id=6348, stack(0x000000be91500000,0x000000be91600000)]
  0x000001c8fe579000 JavaThread "C1 CompilerThread0" daemon [_thread_blocked, id=16472, stack(0x000000be91600000,0x000000be91700000)]
  0x000001c8fe57d800 JavaThread "Sweeper thread" daemon [_thread_blocked, id=16484, stack(0x000000be91700000,0x000000be91800000)]
  0x000001c8fefde000 JavaThread "Notification Thread" daemon [_thread_blocked, id=4904, stack(0x000000be91800000,0x000000be91900000)]
  0x000001c8fefe5800 JavaThread "Common-Cleaner" daemon [_thread_blocked, id=15764, stack(0x000000be91a00000,0x000000be91b00000)]
  0x000001c8ff6e2800 JavaThread "Catalina-utility-1" [_thread_blocked, id=7648, stack(0x000000be92300000,0x000000be92400000)]
  0x000001c8ff6e3000 JavaThread "Catalina-utility-2" [_thread_blocked, id=16840, stack(0x000000be92400000,0x000000be92500000)]
  0x000001c8ff4b0800 JavaThread "container-0" [_thread_blocked, id=13324, stack(0x000000be92500000,0x000000be92600000)]
  0x000001c89d140000 JavaThread "File Watcher" daemon [_thread_blocked, id=14856, stack(0x000000be92600000,0x000000be92700000)]
  0x000001c8ff52f000 JavaThread "Live Reload Server" daemon [_thread_in_native, id=10208, stack(0x000000be92800000,0x000000be92900000)]
  0x000001c8ff412000 JavaThread "http-nio-8080-Poller" daemon [_thread_in_native, id=16076, stack(0x000000be92700000,0x000000be92800000)]
  0x000001c8ff416000 JavaThread "http-nio-8080-Acceptor" daemon [_thread_in_native, id=3324, stack(0x000000be92900000,0x000000be92a00000)]
  0x000001c8ff413000 JavaThread "DestroyJavaVM" [_thread_blocked, id=8700, stack(0x000000be90900000,0x000000be90a00000)]
  0x000001c8ff414800 JavaThread "http-nio-8080-exec-1" daemon [_thread_blocked, id=10120, stack(0x000000be91f00000,0x000000be92000000)]
  0x000001c8ff413800 JavaThread "http-nio-8080-exec-2" daemon [_thread_blocked, id=600, stack(0x000000be92000000,0x000000be92100000)]
  0x000001c8ff415800 JavaThread "http-nio-8080-exec-3" daemon [_thread_blocked, id=14204, stack(0x000000be92a00000,0x000000be92b00000)]
  0x000001c8ff417000 JavaThread "http-nio-8080-exec-4" daemon [_thread_blocked, id=6108, stack(0x000000be92b00000,0x000000be92c00000)]
  0x000001c8ff411000 JavaThread "http-nio-8080-exec-5" daemon [_thread_blocked, id=8588, stack(0x000000be92c00000,0x000000be92d00000)]
  0x000001c8ff418000 JavaThread "http-nio-8080-exec-6" daemon [_thread_blocked, id=3820, stack(0x000000be92d00000,0x000000be92e00000)]
  0x000001c89d421000 JavaThread "http-nio-8080-exec-7" daemon [_thread_blocked, id=7444, stack(0x000000be92e00000,0x000000be92f00000)]
  0x000001c89d41e800 JavaThread "http-nio-8080-exec-8" daemon [_thread_blocked, id=7004, stack(0x000000be92f00000,0x000000be93000000)]
  0x000001c89d41f800 JavaThread "http-nio-8080-exec-9" daemon [_thread_blocked, id=11716, stack(0x000000be93000000,0x000000be93100000)]
  0x000001c89d41d000 JavaThread "http-nio-8080-exec-10" daemon [_thread_blocked, id=10720, stack(0x000000be93100000,0x000000be93200000)]

Other Threads:
  0x000001c8fe54c800 VMThread "VM Thread" [stack: 0x000000be90f00000,0x000000be91000000] [id=10136]
  0x000001c8feffc000 WatcherThread [stack: 0x000000be91900000,0x000000be91a00000] [id=324]
  0x000001c8fb443800 GCTaskThread "GC Thread#0" [stack: 0x000000be90a00000,0x000000be90b00000] [id=7028]
  0x000001c8ff69d800 GCTaskThread "GC Thread#1" [stack: 0x000000be91c00000,0x000000be91d00000] [id=11384]
  0x000001c8ff5a3800 GCTaskThread "GC Thread#2" [stack: 0x000000be91d00000,0x000000be91e00000] [id=13692]
  0x000001c89c350800 GCTaskThread "GC Thread#3" [stack: 0x000000be91b00000,0x000000be91c00000] [id=9000]
  0x000001c8fb456000 ConcurrentGCThread "G1 Main Marker" [stack: 0x000000be90b00000,0x000000be90c00000] [id=8824]
  0x000001c8fb457800 ConcurrentGCThread "G1 Conc#0" [stack: 0x000000be90c00000,0x000000be90d00000] [id=9340]
  0x000001c8fb4be000 ConcurrentGCThread "G1 Refine#0" [stack: 0x000000be90d00000,0x000000be90e00000] [id=10812]
  0x000001c8ff1d3000 ConcurrentGCThread "G1 Refine#1" [stack: 0x000000be91e00000,0x000000be91f00000] [id=15088]
  0x000001c8fe3c4800 ConcurrentGCThread "G1 Young RemSet Sampling" [stack: 0x000000be90e00000,0x000000be90f00000] [id=6884]

Threads with active compile tasks:
C2 CompilerThread0   686874 6770       4       org.springframework.boot.devtools.filewatch.DirectorySnapshot::collectFiles (99 bytes)

VM state:not at safepoint (normal execution)

VM Mutex/Monitor currently owned by a thread: None

Heap address: 0x0000000081400000, size: 2028 MB, Compressed Oops mode: 32-bit
Narrow klass base: 0x0000000800000000, Narrow klass shift: 3
Compressed class space size: 1073741824 Address: 0x0000000800b30000

Heap:
 garbage-first heap   total 45056K, used 22657K [0x0000000081400000, 0x0000000100000000)
  region size 1024K, 8 young (8192K), 1 survivors (1024K)
 Metaspace       used 33673K, capacity 34876K, committed 34944K, reserved 1079296K
  class space    used 3969K, capacity 4415K, committed 4480K, reserved 1048576K
Heap Regions: E=young(eden), S=young(survivor), O=old, HS=humongous(starts), HC=humongous(continues), CS=collection set, F=free, OA=open archive, CA=closed archive, TAMS=top-at-mark-start (previous, next)
|   0|0x0000000081400000, 0x0000000081500000, 0x0000000081500000|100%|HS|  |TAMS 0x0000000081500000, 0x0000000081400000| Complete 
|   1|0x0000000081500000, 0x0000000081600000, 0x0000000081600000|100%| O|  |TAMS 0x0000000081600000, 0x0000000081500000| Untracked 
|   2|0x0000000081600000, 0x0000000081700000, 0x0000000081700000|100%| O|  |TAMS 0x0000000081700000, 0x0000000081600000| Untracked 
|   3|0x0000000081700000, 0x0000000081800000, 0x0000000081800000|100%| O|  |TAMS 0x0000000081800000, 0x0000000081700000| Untracked 
|   4|0x0000000081800000, 0x0000000081900000, 0x0000000081900000|100%| O|  |TAMS 0x0000000081900000, 0x0000000081800000| Untracked 
|   5|0x0000000081900000, 0x000000008195c000, 0x0000000081a00000| 35%| O|  |TAMS 0x000000008195c000, 0x0000000081900000| Untracked 
|   6|0x0000000081a00000, 0x0000000081b00000, 0x0000000081b00000|100%| O|  |TAMS 0x0000000081a00000, 0x0000000081a00000| Untracked 
|   7|0x0000000081b00000, 0x0000000081c00000, 0x0000000081c00000|100%| O|  |TAMS 0x0000000081b00000, 0x0000000081b00000| Untracked 
|   8|0x0000000081c00000, 0x0000000081d00000, 0x0000000081d00000|100%| O|  |TAMS 0x0000000081c00000, 0x0000000081c00000| Untracked 
|   9|0x0000000081d00000, 0x0000000081e00000, 0x0000000081e00000|100%| O|  |TAMS 0x0000000081d00000, 0x0000000081d00000| Untracked 
|  10|0x0000000081e00000, 0x0000000081f00000, 0x0000000081f00000|100%| O|  |TAMS 0x0000000081e00000, 0x0000000081e00000| Untracked 
|  11|0x0000000081f00000, 0x0000000082000000, 0x0000000082000000|100%| O|  |TAMS 0x0000000081f00000, 0x0000000081f00000| Untracked 
|  12|0x0000000082000000, 0x0000000082100000, 0x0000000082100000|100%| O|  |TAMS 0x0000000082000000, 0x0000000082000000| Untracked 
|  13|0x0000000082100000, 0x0000000082200000, 0x0000000082200000|100%| O|  |TAMS 0x0000000082100000, 0x0000000082100000| Untracked 
|  14|0x0000000082200000, 0x0000000082300000, 0x0000000082300000|100%| O|  |TAMS 0x0000000082200000, 0x0000000082200000| Untracked 
|  15|0x0000000082300000, 0x0000000082400000, 0x0000000082400000|100%| O|  |TAMS 0x0000000082300000, 0x0000000082300000| Untracked 
|  16|0x0000000082400000, 0x00000000824c1400, 0x0000000082500000| 75%| O|  |TAMS 0x0000000082400000, 0x0000000082400000| Untracked 
|  17|0x0000000082500000, 0x0000000082500000, 0x0000000082600000|  0%| F|  |TAMS 0x0000000082500000, 0x0000000082500000| Untracked 
|  18|0x0000000082600000, 0x0000000082600000, 0x0000000082700000|  0%| F|  |TAMS 0x0000000082600000, 0x0000000082600000| Untracked 
|  19|0x0000000082700000, 0x0000000082700000, 0x0000000082800000|  0%| F|  |TAMS 0x0000000082700000, 0x0000000082700000| Untracked 
|  20|0x0000000082800000, 0x0000000082800000, 0x0000000082900000|  0%| F|  |TAMS 0x0000000082800000, 0x0000000082800000| Untracked 
|  21|0x0000000082900000, 0x0000000082900000, 0x0000000082a00000|  0%| F|  |TAMS 0x0000000082900000, 0x0000000082900000| Untracked 
|  22|0x0000000082a00000, 0x0000000082a03060, 0x0000000082b00000|  1%| S|CS|TAMS 0x0000000082a00000, 0x0000000082a00000| Complete 
|  23|0x0000000082b00000, 0x0000000082b00000, 0x0000000082c00000|  0%| F|  |TAMS 0x0000000082b00000, 0x0000000082b00000| Untracked 
|  24|0x0000000082c00000, 0x0000000082c00000, 0x0000000082d00000|  0%| F|  |TAMS 0x0000000082c00000, 0x0000000082c00000| Untracked 
|  25|0x0000000082d00000, 0x0000000082d00000, 0x0000000082e00000|  0%| F|  |TAMS 0x0000000082d00000, 0x0000000082d00000| Untracked 
|  26|0x0000000082e00000, 0x0000000082e00000, 0x0000000082f00000|  0%| F|  |TAMS 0x0000000082e00000, 0x0000000082e00000| Untracked 
|  27|0x0000000082f00000, 0x0000000082f00000, 0x0000000083000000|  0%| F|  |TAMS 0x0000000082f00000, 0x0000000082f00000| Untracked 
|  28|0x0000000083000000, 0x0000000083000000, 0x0000000083100000|  0%| F|  |TAMS 0x0000000083000000, 0x0000000083000000| Untracked 
|  29|0x0000000083100000, 0x0000000083100000, 0x0000000083200000|  0%| F|  |TAMS 0x0000000083100000, 0x0000000083100000| Untracked 
|  30|0x0000000083200000, 0x0000000083200000, 0x0000000083300000|  0%| F|  |TAMS 0x0000000083200000, 0x0000000083200000| Untracked 
|  31|0x0000000083300000, 0x0000000083300000, 0x0000000083400000|  0%| F|  |TAMS 0x0000000083300000, 0x0000000083300000| Untracked 
|  32|0x0000000083400000, 0x0000000083400000, 0x0000000083500000|  0%| F|  |TAMS 0x0000000083400000, 0x0000000083400000| Untracked 
|  33|0x0000000083500000, 0x0000000083500000, 0x0000000083600000|  0%| F|  |TAMS 0x0000000083500000, 0x0000000083500000| Untracked 
|  34|0x0000000083600000, 0x0000000083600000, 0x0000000083700000|  0%| F|  |TAMS 0x0000000083600000, 0x0000000083600000| Untracked 
|  35|0x0000000083700000, 0x0000000083700000, 0x0000000083800000|  0%| F|  |TAMS 0x0000000083700000, 0x0000000083700000| Untracked 
|  36|0x0000000083800000, 0x0000000083800000, 0x0000000083900000|  0%| F|  |TAMS 0x0000000083800000, 0x0000000083800000| Untracked 
| 108|0x0000000088000000, 0x00000000880509f8, 0x0000000088100000| 31%| E|  |TAMS 0x0000000088000000, 0x0000000088000000| Complete 
| 109|0x0000000088100000, 0x0000000088200000, 0x0000000088200000|100%| E|CS|TAMS 0x0000000088100000, 0x0000000088100000| Complete 
| 110|0x0000000088200000, 0x0000000088300000, 0x0000000088300000|100%| E|CS|TAMS 0x0000000088200000, 0x0000000088200000| Complete 
| 111|0x0000000088300000, 0x0000000088400000, 0x0000000088400000|100%| E|CS|TAMS 0x0000000088300000, 0x0000000088300000| Complete 
| 112|0x0000000088400000, 0x0000000088500000, 0x0000000088500000|100%| E|CS|TAMS 0x0000000088400000, 0x0000000088400000| Complete 
| 113|0x0000000088500000, 0x0000000088600000, 0x0000000088600000|100%| E|CS|TAMS 0x0000000088500000, 0x0000000088500000| Complete 
| 127|0x0000000089300000, 0x0000000089400000, 0x0000000089400000|100%| E|CS|TAMS 0x0000000089300000, 0x0000000089300000| Complete 

Card table byte_map: [0x000001c8fb8c0000,0x000001c8fbcc0000] _byte_map_base: 0x000001c8fb4b6000

Marking Bits (Prev, Next): (CMBitMap*) 0x000001c8fb445378, (CMBitMap*) 0x000001c8fb445338
 Prev Bits: [0x000001c8976d0000, 0x000001c899680000)
 Next Bits: [0x000001c8fc0c0000, 0x000001c8fe070000)

Polling page: 0x000001c8f9250000

Metaspace:

Usage:
  Non-class:     29.75 MB capacity,    29.01 MB ( 98%) used,   623.71 KB (  2%) free+waste,   133.63 KB ( <1%) overhead. 
      Class:      4.31 MB capacity,     3.88 MB ( 90%) used,   382.31 KB (  9%) free+waste,    63.19 KB (  1%) overhead. 
       Both:     34.06 MB capacity,    32.88 MB ( 97%) used,  1006.02 KB (  3%) free+waste,   196.81 KB ( <1%) overhead. 

Virtual space:
  Non-class space:       30.00 MB reserved,      29.75 MB (>99%) committed 
      Class space:        1.00 GB reserved,       4.38 MB ( <1%) committed 
             Both:        1.03 GB reserved,      34.13 MB (  3%) committed 

Chunk freelists:
   Non-Class:  3.00 KB
       Class:  1.00 KB
        Both:  4.00 KB

MaxMetaspaceSize: 17179869184.00 GB
CompressedClassSpaceSize: 1.00 GB

CodeHeap 'non-profiled nmethods': size=120000Kb used=5644Kb max_used=5725Kb free=114355Kb
 bounds [0x000001c8901a0000, 0x000001c890740000, 0x000001c8976d0000]
CodeHeap 'profiled nmethods': size=120000Kb used=8724Kb max_used=12378Kb free=111275Kb
 bounds [0x000001c888c70000, 0x000001c8898b0000, 0x000001c8901a0000]
CodeHeap 'non-nmethods': size=5760Kb used=1247Kb max_used=1310Kb free=4512Kb
 bounds [0x000001c8886d0000, 0x000001c888940000, 0x000001c888c70000]
 total_blobs=5548 nmethods=5031 adapters=427
 compilation: enabled
              stopped_count=0, restarted_count=0
 full_count=0

Compilation events (20 events):
Event: 583.234 Thread 0x000001c8fe578000 nmethod 6760 0x000001c89053f910 code [0x000001c89053fca0, 0x000001c890540fb0]
Event: 601.802 Thread 0x000001c8fe578000 6761       4       java.util.AbstractCollection::containsAll (38 bytes)
Event: 601.834 Thread 0x000001c8fe578000 nmethod 6761 0x000001c89053d790 code [0x000001c89053db00, 0x000001c89053ef98]
Event: 606.488 Thread 0x000001c8fe578000 6762       4       java.util.concurrent.CopyOnWriteArrayList$COWIterator::next (32 bytes)
Event: 606.489 Thread 0x000001c8fe578000 nmethod 6762 0x000001c890580210 code [0x000001c8905803c0, 0x000001c8905804d8]
Event: 635.808 Thread 0x000001c8fe578000 6763       4       java.util.Calendar::complete (40 bytes)
Event: 635.809 Thread 0x000001c8fe578000 nmethod 6763 0x000001c89057fd10 code [0x000001c89057fec0, 0x000001c89057ffd8]
Event: 666.516 Thread 0x000001c8fe579000 6764   !   3       org.apache.catalina.core.ContainerBase::getRealmInternal (38 bytes)
Event: 666.517 Thread 0x000001c8fe579000 nmethod 6764 0x000001c888cde290 code [0x000001c888cde4c0, 0x000001c888cdedb8]
Event: 676.526 Thread 0x000001c8fe579000 6765   !   3       org.apache.catalina.core.ContainerBase::getClusterInternal (38 bytes)
Event: 676.528 Thread 0x000001c8fe579000 nmethod 6765 0x000001c888d53310 code [0x000001c888d53540, 0x000001c888d53e38]
Event: 676.528 Thread 0x000001c8fe579000 6767   !   3       org.apache.catalina.core.ContainerBase::backgroundProcess (168 bytes)
Event: 676.531 Thread 0x000001c8fe579000 nmethod 6767 0x000001c8890c6910 code [0x000001c8890c6c40, 0x000001c8890c8518]
Event: 676.531 Thread 0x000001c8fe579000 6766   !   3       org.apache.catalina.core.ContainerBase$ContainerBackgroundProcessor::processChildren (202 bytes)
Event: 676.535 Thread 0x000001c8fe579000 nmethod 6766 0x000001c8897b2b90 code [0x000001c8897b2f40, 0x000001c8897b55c8]
Event: 676.535 Thread 0x000001c8fe579000 6768   !   3       org.apache.catalina.core.ContainerBase::findChildren (42 bytes)
Event: 676.536 Thread 0x000001c8fe579000 nmethod 6768 0x000001c888dccb10 code [0x000001c888dccce0, 0x000001c888dcd3d8]
Event: 686.541 Thread 0x000001c8fe578000 6769       4       java.util.TreeSet::<init> (10 bytes)
Event: 686.544 Thread 0x000001c8fe578000 nmethod 6769 0x000001c89072f490 code [0x000001c89072f600, 0x000001c89072f738]
Event: 686.669 Thread 0x000001c8fe578000 6770       4       org.springframework.boot.devtools.filewatch.DirectorySnapshot::collectFiles (99 bytes)

GC Heap History (20 events):
Event: 652.011 GC heap before
{Heap before GC invocations=250 (full 0):
 garbage-first heap   total 45056K, used 36994K [0x0000000081400000, 0x0000000100000000)
  region size 1024K, 21 young (21504K), 1 survivors (1024K)
 Metaspace       used 33668K, capacity 34812K, committed 34944K, reserved 1079296K
  class space    used 3969K, capacity 4415K, committed 4480K, reserved 1048576K
}
Event: 652.011 GC heap after
{Heap after GC invocations=251 (full 0):
 garbage-first heap   total 45056K, used 16508K [0x0000000081400000, 0x0000000100000000)
  region size 1024K, 1 young (1024K), 1 survivors (1024K)
 Metaspace       used 33668K, capacity 34812K, committed 34944K, reserved 1079296K
  class space    used 3969K, capacity 4415K, committed 4480K, reserved 1048576K
}
Event: 653.845 GC heap before
{Heap before GC invocations=251 (full 0):
 garbage-first heap   total 45056K, used 36988K [0x0000000081400000, 0x0000000100000000)
  region size 1024K, 21 young (21504K), 1 survivors (1024K)
 Metaspace       used 33668K, capacity 34812K, committed 34944K, reserved 1079296K
  class space    used 3969K, capacity 4415K, committed 4480K, reserved 1048576K
}
Event: 653.845 GC heap after
{Heap after GC invocations=252 (full 0):
 garbage-first heap   total 45056K, used 16517K [0x0000000081400000, 0x0000000100000000)
  region size 1024K, 1 young (1024K), 1 survivors (1024K)
 Metaspace       used 33668K, capacity 34812K, committed 34944K, reserved 1079296K
  class space    used 3969K, capacity 4415K, committed 4480K, reserved 1048576K
}
Event: 655.926 GC heap before
{Heap before GC invocations=252 (full 0):
 garbage-first heap   total 45056K, used 36997K [0x0000000081400000, 0x0000000100000000)
  region size 1024K, 21 young (21504K), 1 survivors (1024K)
 Metaspace       used 33668K, capacity 34812K, committed 34944K, reserved 1079296K
  class space    used 3969K, capacity 4415K, committed 4480K, reserved 1048576K
}
Event: 655.926 GC heap after
{Heap after GC invocations=253 (full 0):
 garbage-first heap   total 45056K, used 16515K [0x0000000081400000, 0x0000000100000000)
  region size 1024K, 1 young (1024K), 1 survivors (1024K)
 Metaspace       used 33668K, capacity 34812K, committed 34944K, reserved 1079296K
  class space    used 3969K, capacity 4415K, committed 4480K, reserved 1048576K
}
Event: 657.961 GC heap before
{Heap before GC invocations=253 (full 0):
 garbage-first heap   total 45056K, used 36995K [0x0000000081400000, 0x0000000100000000)
  region size 1024K, 21 young (21504K), 1 survivors (1024K)
 Metaspace       used 33668K, capacity 34812K, committed 34944K, reserved 1079296K
  class space    used 3969K, capacity 4415K, committed 4480K, reserved 1048576K
}
Event: 657.962 GC heap after
{Heap after GC invocations=254 (full 0):
 garbage-first heap   total 45056K, used 16517K [0x0000000081400000, 0x0000000100000000)
  region size 1024K, 1 young (1024K), 1 survivors (1024K)
 Metaspace       used 33668K, capacity 34812K, committed 34944K, reserved 1079296K
  class space    used 3969K, capacity 4415K, committed 4480K, reserved 1048576K
}
Event: 659.900 GC heap before
{Heap before GC invocations=254 (full 0):
 garbage-first heap   total 45056K, used 36997K [0x0000000081400000, 0x0000000100000000)
  region size 1024K, 21 young (21504K), 1 survivors (1024K)
 Metaspace       used 33668K, capacity 34812K, committed 34944K, reserved 1079296K
  class space    used 3969K, capacity 4415K, committed 4480K, reserved 1048576K
}
Event: 659.900 GC heap after
{Heap after GC invocations=255 (full 0):
 garbage-first heap   total 45056K, used 16511K [0x0000000081400000, 0x0000000100000000)
  region size 1024K, 1 young (1024K), 1 survivors (1024K)
 Metaspace       used 33668K, capacity 34812K, committed 34944K, reserved 1079296K
  class space    used 3969K, capacity 4415K, committed 4480K, reserved 1048576K
}
Event: 661.729 GC heap before
{Heap before GC invocations=255 (full 0):
 garbage-first heap   total 45056K, used 36991K [0x0000000081400000, 0x0000000100000000)
  region size 1024K, 21 young (21504K), 1 survivors (1024K)
 Metaspace       used 33668K, capacity 34812K, committed 34944K, reserved 1079296K
  class space    used 3969K, capacity 4415K, committed 4480K, reserved 1048576K
}
Event: 661.729 GC heap after
{Heap after GC invocations=256 (full 0):
 garbage-first heap   total 45056K, used 16515K [0x0000000081400000, 0x0000000100000000)
  region size 1024K, 1 young (1024K), 1 survivors (1024K)
 Metaspace       used 33668K, capacity 34812K, committed 34944K, reserved 1079296K
  class space    used 3969K, capacity 4415K, committed 4480K, reserved 1048576K
}
Event: 663.821 GC heap before
{Heap before GC invocations=256 (full 0):
 garbage-first heap   total 45056K, used 36995K [0x0000000081400000, 0x0000000100000000)
  region size 1024K, 21 young (21504K), 1 survivors (1024K)
 Metaspace       used 33668K, capacity 34812K, committed 34944K, reserved 1079296K
  class space    used 3969K, capacity 4415K, committed 4480K, reserved 1048576K
}
Event: 663.822 GC heap after
{Heap after GC invocations=257 (full 0):
 garbage-first heap   total 45056K, used 16515K [0x0000000081400000, 0x0000000100000000)
  region size 1024K, 1 young (1024K), 1 survivors (1024K)
 Metaspace       used 33668K, capacity 34812K, committed 34944K, reserved 1079296K
  class space    used 3969K, capacity 4415K, committed 4480K, reserved 1048576K
}
Event: 665.832 GC heap before
{Heap before GC invocations=257 (full 0):
 garbage-first heap   total 45056K, used 36995K [0x0000000081400000, 0x0000000100000000)
  region size 1024K, 21 young (21504K), 1 survivors (1024K)
 Metaspace       used 33668K, capacity 34812K, committed 34944K, reserved 1079296K
  class space    used 3969K, capacity 4415K, committed 4480K, reserved 1048576K
}
Event: 665.832 GC heap after
{Heap after GC invocations=258 (full 0):
 garbage-first heap   total 45056K, used 16515K [0x0000000081400000, 0x0000000100000000)
  region size 1024K, 1 young (1024K), 1 survivors (1024K)
 Metaspace       used 33668K, capacity 34812K, committed 34944K, reserved 1079296K
  class space    used 3969K, capacity 4415K, committed 4480K, reserved 1048576K
}
Event: 668.138 GC heap before
{Heap before GC invocations=258 (full 0):
 garbage-first heap   total 45056K, used 36995K [0x0000000081400000, 0x0000000100000000)
  region size 1024K, 21 young (21504K), 1 survivors (1024K)
 Metaspace       used 33669K, capacity 34812K, committed 34944K, reserved 1079296K
  class space    used 3969K, capacity 4415K, committed 4480K, reserved 1048576K
}
Event: 668.139 GC heap after
{Heap after GC invocations=259 (full 0):
 garbage-first heap   total 45056K, used 16515K [0x0000000081400000, 0x0000000100000000)
  region size 1024K, 1 young (1024K), 1 survivors (1024K)
 Metaspace       used 33669K, capacity 34812K, committed 34944K, reserved 1079296K
  class space    used 3969K, capacity 4415K, committed 4480K, reserved 1048576K
}
Event: 669.882 GC heap before
{Heap before GC invocations=259 (full 0):
 garbage-first heap   total 45056K, used 36995K [0x0000000081400000, 0x0000000100000000)
  region size 1024K, 21 young (21504K), 1 survivors (1024K)
 Metaspace       used 33669K, capacity 34812K, committed 34944K, reserved 1079296K
  class space    used 3969K, capacity 4415K, committed 4480K, reserved 1048576K
}
Event: 669.883 GC heap after
{Heap after GC invocations=260 (full 0):
 garbage-first heap   total 45056K, used 16513K [0x0000000081400000, 0x0000000100000000)
  region size 1024K, 1 young (1024K), 1 survivors (1024K)
 Metaspace       used 33669K, capacity 34812K, committed 34944K, reserved 1079296K
  class space    used 3969K, capacity 4415K, committed 4480K, reserved 1048576K
}

Deoptimization events (20 events):
Event: 420.513 Thread 0x000001c8ff412000 DEOPT PACKING pc=0x000001c888cfeb30 sp=0x000000be927ff2a0
Event: 420.513 Thread 0x000001c8ff412000 DEOPT UNPACKING pc=0x000001c88871964e sp=0x000000be927fe7c8 mode 0
Event: 424.158 Thread 0x000001c8ff411000 DEOPT PACKING pc=0x000001c88966fbc8 sp=0x000000be92cfef40
Event: 424.159 Thread 0x000001c8ff411000 DEOPT UNPACKING pc=0x000001c88871964e sp=0x000000be92cfe4b8 mode 0
Event: 427.642 Thread 0x000001c8ff412000 DEOPT PACKING pc=0x000001c888cfecbe sp=0x000000be927ff2a0
Event: 427.642 Thread 0x000001c8ff412000 DEOPT UNPACKING pc=0x000001c88871964e sp=0x000000be927fe7c8 mode 0
Event: 446.153 Thread 0x000001c8ff417000 DEOPT PACKING pc=0x000001c88966fbc8 sp=0x000000be92bfef20
Event: 446.153 Thread 0x000001c8ff417000 DEOPT UNPACKING pc=0x000001c88871964e sp=0x000000be92bfe498 mode 0
Event: 470.226 Thread 0x000001c89d41d000 DEOPT PACKING pc=0x000001c88966fbc8 sp=0x000000be931fed80
Event: 470.226 Thread 0x000001c89d41d000 DEOPT UNPACKING pc=0x000001c88871964e sp=0x000000be931fe2f8 mode 0
Event: 494.755 Thread 0x000001c89d421000 DEOPT PACKING pc=0x000001c88966fbc8 sp=0x000000be92eff0c0
Event: 494.755 Thread 0x000001c89d421000 DEOPT UNPACKING pc=0x000001c88871964e sp=0x000000be92efe638 mode 0
Event: 524.806 Thread 0x000001c8ff411000 DEOPT PACKING pc=0x000001c88966fbc8 sp=0x000000be92cfef40
Event: 524.806 Thread 0x000001c8ff411000 DEOPT UNPACKING pc=0x000001c88871964e sp=0x000000be92cfe4b8 mode 0
Event: 560.370 Thread 0x000001c89d41e800 DEOPT PACKING pc=0x000001c88966fbc8 sp=0x000000be92ffeca0
Event: 560.370 Thread 0x000001c89d41e800 DEOPT UNPACKING pc=0x000001c88871964e sp=0x000000be92ffe218 mode 0
Event: 597.958 Thread 0x000001c8ff414800 DEOPT PACKING pc=0x000001c88966fbc8 sp=0x000000be91fff1e0
Event: 597.958 Thread 0x000001c8ff414800 DEOPT UNPACKING pc=0x000001c88871964e sp=0x000000be91ffe758 mode 0
Event: 654.571 Thread 0x000001c8ff418000 DEOPT PACKING pc=0x000001c88966fbc8 sp=0x000000be92dfefd0
Event: 654.571 Thread 0x000001c8ff418000 DEOPT UNPACKING pc=0x000001c88871964e sp=0x000000be92dfe548 mode 0

Classes unloaded (0 events):
No events

Classes redefined (0 events):
No events

Internal exceptions (20 events):
Event: 37.019 Thread 0x000001c89b6fe800 Exception <a 'java/lang/NoSuchMethodError'{0x000000008836c2e8}: 'void java.lang.invoke.DirectMethodHandle$Holder.invokeVirtual(java.lang.Object, java.lang.Object, int)'> (0x000000008836c2e8) 
thrown [./open/src/hotspot/share/interpreter/linkResolver.cpp, line 766]
Event: 37.021 Thread 0x000001c89b6fe800 Exception <a 'java/lang/NoSuchMethodError'{0x0000000088384e70}: 'void java.lang.invoke.DirectMethodHandle$Holder.invokeVirtual(java.lang.Object, java.lang.Object, long)'> (0x0000000088384e70) 
thrown [./open/src/hotspot/share/interpreter/linkResolver.cpp, line 766]
Event: 38.412 Thread 0x000001c89b6fe800 Exception <a 'java/lang/IncompatibleClassChangeError'{0x000000008366a868}: Found class java.lang.Object, but interface was expected> (0x000000008366a868) 
thrown [./open/src/hotspot/share/interpreter/linkResolver.cpp, line 832]
Event: 38.680 Thread 0x000001c89b6fe800 Exception <a 'java/lang/NoSuchMethodError'{0x00000000835d54f8}: 'int java.lang.invoke.DirectMethodHandle$Holder.invokeStaticInit(java.lang.Object, java.lang.Object, java.lang.Object, java.lang.Object)'> (0x00000000835d54f8) 
thrown [./open/src/hotspot/share/interpreter/linkResolver.cpp, line 766]
Event: 39.980 Thread 0x000001c89b6fe800 Exception <a 'java/lang/NoSuchMethodError'{0x0000000083002888}: 'java.lang.Object java.lang.invoke.DirectMethodHandle$Holder.invokeSpecial(java.lang.Object, java.lang.Object, int, java.lang.Object, int, java.lang.Object)'> (0x0000000083002888) 
thrown [./open/src/hotspot/share/interpreter/linkResolver.cpp, line 766]
Event: 39.981 Thread 0x000001c89b6fe800 Exception <a 'java/lang/NoSuchMethodError'{0x00000000830096b8}: 'java.lang.Object java.lang.invoke.DirectMethodHandle$Holder.invokeStatic(java.lang.Object, java.lang.Object, int, java.lang.Object, int)'> (0x00000000830096b8) 
thrown [./open/src/hotspot/share/interpreter/linkResolver.cpp, line 766]
Event: 39.982 Thread 0x000001c89b6fe800 Exception <a 'java/lang/NoSuchMethodError'{0x000000008300ca68}: 'java.lang.Object java.lang.invoke.DirectMethodHandle$Holder.invokeSpecial(java.lang.Object, java.lang.Object, java.lang.Object, int, java.lang.Object, int)'> (0x000000008300ca68) 
thrown [./open/src/hotspot/share/interpreter/linkResolver.cpp, line 766]
Event: 39.984 Thread 0x000001c89b6fe800 Exception <a 'java/lang/NoSuchMethodError'{0x00000000830167d0}: 'void java.lang.invoke.DirectMethodHandle$Holder.invokeVirtual(java.lang.Object, java.lang.Object)'> (0x00000000830167d0) 
thrown [./open/src/hotspot/share/interpreter/linkResolver.cpp, line 766]
Event: 45.329 Thread 0x000001c89d41d000 Implicit null exception at 0x000001c89020ebd4 to 0x000001c89020fd74
Event: 121.179 Thread 0x000001c8ff411000 Implicit null exception at 0x000001c89023d29b to 0x000001c890242480
Event: 121.179 Thread 0x000001c8ff411000 Implicit null exception at 0x000001c890452cc5 to 0x000001c8904596dc
Event: 160.089 Thread 0x000001c8ff411000 Implicit null exception at 0x000001c890591460 to 0x000001c8905914d8
Event: 160.098 Thread 0x000001c89d41e800 Implicit null exception at 0x000001c89054d9be to 0x000001c89054f944
Event: 160.134 Thread 0x000001c8ff411000 Implicit null exception at 0x000001c89055ec5e to 0x000001c890566380
Event: 177.231 Thread 0x000001c8ff417000 Implicit null exception at 0x000001c8906821ca to 0x000001c890682a2c
Event: 177.233 Thread 0x000001c89d41f800 Implicit null exception at 0x000001c8906821ca to 0x000001c890682a2c
Event: 177.243 Thread 0x000001c8ff415800 Implicit null exception at 0x000001c8906821ca to 0x000001c890682a2c
Event: 177.244 Thread 0x000001c89d41e800 Implicit null exception at 0x000001c8906821ca to 0x000001c890682a2c
Event: 177.249 Thread 0x000001c8ff411000 Implicit null exception at 0x000001c890684828 to 0x000001c890684ba4
Event: 204.041 Thread 0x000001c8ff411000 Implicit null exception at 0x000001c89053c0c5 to 0x000001c89053f8c4

Events (20 events):
Event: 655.926 Executing VM operation: G1CollectForAllocation
Event: 655.926 Executing VM operation: G1CollectForAllocation done
Event: 657.961 Executing VM operation: G1CollectForAllocation
Event: 657.962 Executing VM operation: G1CollectForAllocation done
Event: 659.900 Executing VM operation: G1CollectForAllocation
Event: 659.900 Executing VM operation: G1CollectForAllocation done
Event: 661.729 Executing VM operation: G1CollectForAllocation
Event: 661.730 Executing VM operation: G1CollectForAllocation done
Event: 663.821 Executing VM operation: G1CollectForAllocation
Event: 663.822 Executing VM operation: G1CollectForAllocation done
Event: 665.832 Executing VM operation: G1CollectForAllocation
Event: 665.832 Executing VM operation: G1CollectForAllocation done
Event: 668.138 Executing VM operation: G1CollectForAllocation
Event: 668.139 Executing VM operation: G1CollectForAllocation done
Event: 669.882 Executing VM operation: G1CollectForAllocation
Event: 669.883 Executing VM operation: G1CollectForAllocation done
Event: 686.544 Executing VM operation: HandshakeAllThreads
Event: 686.544 Executing VM operation: HandshakeAllThreads done
Event: 686.552 Thread 0x000001c8fe57d800 flushing nmethod 0x000001c888ce9490
Event: 686.564 Thread 0x000001c8fe57d800 flushing nmethod 0x000001c889559f90


Dynamic libraries:
0x00007ff6fcf00000 - 0x00007ff6fcf0f000 	C:\Program Files\Java\jdk-14.0.2\bin\java.exe
0x00007ffc30c40000 - 0x00007ffc30e30000 	C:\WINDOWS\SYSTEM32\ntdll.dll
0x00007ffc2ee20000 - 0x00007ffc2eed3000 	C:\WINDOWS\System32\KERNEL32.DLL
0x00007ffc2dbb0000 - 0x00007ffc2de55000 	C:\WINDOWS\System32\KERNELBASE.dll
0x00007ffc2de60000 - 0x00007ffc2df5a000 	C:\WINDOWS\System32\ucrtbase.dll
0x00007ffc12480000 - 0x00007ffc12495000 	C:\Program Files\Java\jdk-14.0.2\bin\VCRUNTIME140.dll
0x00007ffc124d0000 - 0x00007ffc124e8000 	C:\Program Files\Java\jdk-14.0.2\bin\jli.dll
0x00007ffc2f4c0000 - 0x00007ffc2f565000 	C:\WINDOWS\System32\ADVAPI32.dll
0x00007ffc304f0000 - 0x00007ffc3058e000 	C:\WINDOWS\System32\msvcrt.dll
0x00007ffc309a0000 - 0x00007ffc30a38000 	C:\WINDOWS\System32\sechost.dll
0x00007ffc30590000 - 0x00007ffc306ab000 	C:\WINDOWS\System32\RPCRT4.dll
0x00007ffc2f570000 - 0x00007ffc2f704000 	C:\WINDOWS\System32\USER32.dll
0x00007ffc21c20000 - 0x00007ffc21ea4000 	C:\WINDOWS\WinSxS\amd64_microsoft.windows.common-controls_6595b64144ccf1df_6.0.18362.2037_none_9e7c226de460245a\COMCTL32.dll
0x00007ffc2e380000 - 0x00007ffc2e3a1000 	C:\WINDOWS\System32\win32u.dll
0x00007ffc2fdd0000 - 0x00007ffc2fdf6000 	C:\WINDOWS\System32\GDI32.dll
0x00007ffc2f180000 - 0x00007ffc2f4b6000 	C:\WINDOWS\System32\combase.dll
0x00007ffc2e030000 - 0x00007ffc2e1c8000 	C:\WINDOWS\System32\gdi32full.dll
0x00007ffc2eba0000 - 0x00007ffc2ec24000 	C:\WINDOWS\System32\bcryptPrimitives.dll
0x00007ffc2df90000 - 0x00007ffc2e02e000 	C:\WINDOWS\System32\msvcp_win.dll
0x00007ffc27b30000 - 0x00007ffc27b3a000 	C:\WINDOWS\SYSTEM32\VERSION.dll
0x00007ffc2f770000 - 0x00007ffc2f79e000 	C:\WINDOWS\System32\IMM32.DLL
0x00007ffc01840000 - 0x00007ffc018db000 	C:\Program Files\Java\jdk-14.0.2\bin\msvcp140.dll
0x00007ffbdbab0000 - 0x00007ffbdc5ce000 	C:\Program Files\Java\jdk-14.0.2\bin\server\jvm.dll
0x00007ffc2fca0000 - 0x00007ffc2fca8000 	C:\WINDOWS\System32\PSAPI.DLL
0x00007ffc2b370000 - 0x00007ffc2b379000 	C:\WINDOWS\SYSTEM32\WSOCK32.dll
0x00007ffc2ada0000 - 0x00007ffc2adc4000 	C:\WINDOWS\SYSTEM32\WINMM.dll
0x00007ffc2f090000 - 0x00007ffc2f0ff000 	C:\WINDOWS\System32\WS2_32.dll
0x00007ffc2ac80000 - 0x00007ffc2acad000 	C:\WINDOWS\SYSTEM32\winmmbase.dll
0x00007ffc2e3b0000 - 0x00007ffc2e3fa000 	C:\WINDOWS\System32\cfgmgr32.dll
0x00007ffc2db20000 - 0x00007ffc2db31000 	C:\WINDOWS\System32\kernel.appcore.dll
0x00007ffc13ca0000 - 0x00007ffc13caa000 	C:\Program Files\Java\jdk-14.0.2\bin\jimage.dll
0x00007ffc1b4c0000 - 0x00007ffc1b6b4000 	C:\WINDOWS\SYSTEM32\DBGHELP.DLL
0x00007ffc1afc0000 - 0x00007ffc1afea000 	C:\WINDOWS\SYSTEM32\dbgcore.DLL
0x00007ffc0e4f0000 - 0x00007ffc0e515000 	C:\Program Files\Java\jdk-14.0.2\bin\java.dll
0x00007ffc118f0000 - 0x00007ffc11906000 	C:\Program Files\Java\jdk-14.0.2\bin\zip.dll
0x00007ffc2fe00000 - 0x00007ffc304e7000 	C:\WINDOWS\System32\SHELL32.dll
0x00007ffc2fcb0000 - 0x00007ffc2fd59000 	C:\WINDOWS\System32\shcore.dll
0x00007ffc2e420000 - 0x00007ffc2eb9c000 	C:\WINDOWS\System32\windows.storage.dll
0x00007ffc2db90000 - 0x00007ffc2dbae000 	C:\WINDOWS\System32\profapi.dll
0x00007ffc2db40000 - 0x00007ffc2db8a000 	C:\WINDOWS\System32\powrprof.dll
0x00007ffc2daf0000 - 0x00007ffc2db00000 	C:\WINDOWS\System32\UMPDC.dll
0x00007ffc30a40000 - 0x00007ffc30a92000 	C:\WINDOWS\System32\shlwapi.dll
0x00007ffc2e400000 - 0x00007ffc2e417000 	C:\WINDOWS\System32\cryptsp.dll
0x00007ffc11550000 - 0x00007ffc11569000 	C:\Program Files\Java\jdk-14.0.2\bin\net.dll
0x00007ffc25270000 - 0x00007ffc25369000 	C:\WINDOWS\SYSTEM32\WINHTTP.dll
0x00007ffc2d2d0000 - 0x00007ffc2d337000 	C:\WINDOWS\system32\mswsock.dll
0x00007ffc0daf0000 - 0x00007ffc0db02000 	C:\Program Files\Java\jdk-14.0.2\bin\nio.dll
0x00007ffc135e0000 - 0x00007ffc135f0000 	C:\Program Files\Java\jdk-14.0.2\bin\verify.dll
0x00007ffc133e0000 - 0x00007ffc133e9000 	C:\Program Files\Java\jdk-14.0.2\bin\management.dll
0x00007ffc131e0000 - 0x00007ffc131eb000 	C:\Program Files\Java\jdk-14.0.2\bin\management_ext.dll
0x00007ffc12440000 - 0x00007ffc12456000 	C:\WINDOWS\system32\napinsp.dll
0x00007ffc0e380000 - 0x00007ffc0e39a000 	C:\WINDOWS\system32\pnrpnsp.dll
0x00007ffc2d030000 - 0x00007ffc2d0fa000 	C:\WINDOWS\SYSTEM32\DNSAPI.dll
0x00007ffc2ee10000 - 0x00007ffc2ee18000 	C:\WINDOWS\System32\NSI.dll
0x00007ffc2cfe0000 - 0x00007ffc2d01a000 	C:\WINDOWS\SYSTEM32\IPHLPAPI.DLL
0x00007ffc25150000 - 0x00007ffc2515e000 	C:\WINDOWS\System32\winrnr.dll
0x00007ffc2b210000 - 0x00007ffc2b22c000 	C:\WINDOWS\system32\NLAapi.dll
0x00007ffc29dc0000 - 0x00007ffc29dd5000 	C:\WINDOWS\system32\wshbth.dll
0x00007ffc28f40000 - 0x00007ffc28f4a000 	C:\Windows\System32\rasadhlp.dll
0x00007ffc26c80000 - 0x00007ffc26cf7000 	C:\WINDOWS\System32\fwpuclnt.dll
0x00007ffc2df60000 - 0x00007ffc2df86000 	C:\WINDOWS\System32\bcrypt.dll
0x00007ffc2ce50000 - 0x00007ffc2ce83000 	C:\WINDOWS\system32\rsaenh.dll
0x00007ffc2da10000 - 0x00007ffc2da35000 	C:\WINDOWS\SYSTEM32\USERENV.dll
0x00007ffc2d4a0000 - 0x00007ffc2d4ac000 	C:\WINDOWS\SYSTEM32\CRYPTBASE.dll
0x00007ffc27870000 - 0x00007ffc27886000 	C:\WINDOWS\SYSTEM32\dhcpcsvc6.DLL
0x00007ffc27850000 - 0x00007ffc2786c000 	C:\WINDOWS\SYSTEM32\dhcpcsvc.DLL

dbghelp: loaded successfully - version: 4.0.5 - missing functions: none
symbol engine: initialized successfully - sym options: 0x614 - pdb path: .;C:\Program Files\Java\jdk-14.0.2\bin;C:\WINDOWS\SYSTEM32;C:\WINDOWS\WinSxS\amd64_microsoft.windows.common-controls_6595b64144ccf1df_6.0.18362.2037_none_9e7c226de460245a;C:\Program Files\Java\jdk-14.0.2\bin\server

VM Arguments:
jvm_args: -Dfile.encoding=windows-1252 -Duser.country=FR -Duser.language=fr -Duser.variant 
java_command: group.example.group.GroupApplication
java_class_path (initial): C:\Users\Simo\Desktop\group\build\classes\java\main;C:\Users\Simo\Desktop\group\build\resources\main;C:\Users\Simo\.gradle\caches\modules-2\files-2.1\org.springframework.boot\spring-boot-devtools\2.6.2\2f766b028fcb09d6b3fec1f17bcc19b96ff4ebce\spring-boot-devtools-2.6.2.jar;C:\Users\Simo\.gradle\caches\modules-2\files-2.1\org.springframework.boot\spring-boot-starter-data-jpa\2.6.2\3eb637ccd03194f1d639b9efed1ff7d73c8592e3\spring-boot-starter-data-jpa-2.6.2.jar;C:\Users\Simo\.gradle\caches\modules-2\files-2.1\org.springframework.boot\spring-boot-starter-web\2.6.2\685b236afc0144a52383cd2c52731dd016f9badd\spring-boot-starter-web-2.6.2.jar;C:\Users\Simo\.gradle\caches\modules-2\files-2.1\mysql\mysql-connector-java\8.0.27\f1da9f10a3de6348725a413304aab6d0aa04f923\mysql-connector-java-8.0.27.jar;C:\Users\Simo\.gradle\caches\modules-2\files-2.1\org.springframework.boot\spring-boot-starter-aop\2.6.2\af16c0de56462ef8a6a9ac63cff30bf5120fc5b3\spring-boot-starter-aop-2.6.2.jar;C:\Users\Simo\.gradle\caches\modules-2\files-2.1\org.springframework.boot\spring-boot-starter-jdbc\2.6.2\ff853babf286bf913d73197d0f0b521343d5e8aa\spring-boot-starter-jdbc-2.6.2.jar;C:\Users\Simo\.gradle\caches\modules-2\files-2.1\org.springframework.boot\spring-boot-starter-json\2.6.2\c0d457ff259c487521706fd2efac75d61595d527\spring-boot-starter-json-2.6.2.jar;C:\Users\Simo\.gradle\caches\modules-2\files-2.1\org.springframework.boot\spring-boot-starter\2.6.2\c36f1f6886cdbedc5347fdea62b97b44b053b0ba\spring-boot-starter-2.6.2.jar;C:\Users\Simo\.gradle\caches\modules-2\files-2.1\org.springframework.boot\spring-boot-autoconfigure\2.6.2\7c91bce101d3f796cccbc1a6744c1ea389fff73f\spring-boot-autoconfigure-2.6.2.jar;C:\Users\Simo\.gradle\caches\modules-2\files-2.1\org.springframework.boot\spring-boot\2.6.2\bbf59f411320da665411692359ff511315d0ff91\spring-boot-2.6.2.jar;C:\Users\Simo\.gradle\caches\modules-2\files-2.1\jakarta.transaction\jakarta.transaction-api\1.3.3\c4179d48720a1e87202115fb
Launcher Type: SUN_STANDARD

[Global flags]
     intx CICompilerCount                          = 3                                         {product} {ergonomic}
     uint ConcGCThreads                            = 1                                         {product} {ergonomic}
     uint G1ConcRefinementThreads                  = 4                                         {product} {ergonomic}
   size_t G1HeapRegionSize                         = 1048576                                   {product} {ergonomic}
    uintx GCDrainStackTargetSize                   = 64                                        {product} {ergonomic}
   size_t InitialHeapSize                          = 134217728                                 {product} {ergonomic}
   size_t MarkStackSize                            = 4194304                                   {product} {ergonomic}
   size_t MaxHeapSize                              = 2126512128                                {product} {ergonomic}
   size_t MaxNewSize                               = 1275068416                                {product} {ergonomic}
   size_t MinHeapDeltaBytes                        = 1048576                                   {product} {ergonomic}
   size_t MinHeapSize                              = 8388608                                   {product} {ergonomic}
    uintx NonNMethodCodeHeapSize                   = 5832780                                {pd product} {ergonomic}
    uintx NonProfiledCodeHeapSize                  = 122912730                              {pd product} {ergonomic}
    uintx ProfiledCodeHeapSize                     = 122912730                              {pd product} {ergonomic}
    uintx ReservedCodeCacheSize                    = 251658240                              {pd product} {ergonomic}
     bool SegmentedCodeCache                       = true                                      {product} {ergonomic}
   size_t SoftMaxHeapSize                          = 2126512128                             {manageable} {ergonomic}
     bool UseCompressedClassPointers               = true                                 {lp64_product} {ergonomic}
     bool UseCompressedOops                        = true                                 {lp64_product} {ergonomic}
     bool UseG1GC                                  = true                                      {product} {ergonomic}
     bool UseLargePagesIndividualAllocation        = false                                  {pd product} {ergonomic}

Logging:
Log output configuration:
 #0: stdout all=warning uptime,level,tags
 #1: stderr all=off uptime,level,tags

Environment Variables:
PATH=C:\Program Files\Common Files\Oracle\Java\javapath;C:\Program Files (x86)\Common Files\Oracle\Java\javapath;"C:\WINDOWS\system32;C:\MinGW\bin\";C:\WINDOWS;C:\WINDOWS\System32\Wbem;C:\WINDOWS\System32\WindowsPowerShell\v1.0\;C:\Program Files\Git\cmd;C:\Program Files\nodejs\;C:\WINDOWS\System32\OpenSSH\;C:\Windows\System32;C:\Users\Simo\AppData\Local\Microsoft\WindowsApps;C:\Users\Simo\AppData\Local\Programs\Microsoft VS Code\bin;C:\Users\Simo\AppData\Roaming\npm;C:\Windows\System32;
USERNAME=Simo
OS=Windows_NT
PROCESSOR_IDENTIFIER=Intel64 Family 6 Model 60 Stepping 3, GenuineIntel



---------------  S Y S T E M  ---------------

OS: Windows 10 , 64 bit Build 18362 (10.0.18362.2037)
OS uptime: 2 days 1:32 hours

CPU:total 4 (initial active 4) (2 cores per cpu, 2 threads per core) family 6 model 60 stepping 3, cmov, cx8, fxsr, mmx, sse, sse2, sse3, ssse3, sse4.1, sse4.2, popcnt, avx, avx2, aes, clmul, erms, lzcnt, ht, tsc, tscinvbit, bmi1, bmi2, fma

Memory: 4k page, system-wide physical 8110M (1237M free)
TotalPageFile size 32686M (AvailPageFile size 3M)
current process WorkingSet (physical memory assigned to process): 168M, peak: 201M
current process commit charge ("private bytes"): 202M, peak: 263M

vm_info: Java HotSpot(TM) 64-Bit Server VM (14.0.2+12-46) for windows-amd64 JRE (14.0.2+12-46), built on Jul  9 2020 00:35:52 by "mach5one" with MS VC++ 15.9 (VS2017)

END.
